Found multiple options for logging, please choose one:
  [1] /dev/cu.usbmodem8333101 (USB JTAG/serial debug unit)
  [2] Over The Air (usb-test.local)
(number): [15:50:50][I][app:100]: ESPHome version 2025.1.0-dev compiled on Jan 10 2025, 17:25:19
[15:50:50][C][logger:185]: Logger:
[15:50:50][C][logger:186]:   Level: DEBUG
[15:50:50][C][logger:188]:   Log Baud Rate: 115200
[15:50:50][C][logger:189]:   Hardware UART: UART0
[15:50:50][C][logger:193]:   Level for 'wifi': INFO
[15:50:50][C][logger:193]:   Level for 'esp-idf': INFO
[15:50:50][C][logger:193]:   Level for 'touchscreen': INFO
[15:50:50][C][logger:193]:   Level for 'lvgl': INFO
[15:50:50][C][logger:193]:   Level for 'modbus_controller.sensor': INFO
[15:50:50][C][logger:193]:   Level for 'modbus_controller': INFO
[15:50:50][C][logger:193]:   Level for 'sensor': INFO
[15:50:50][I][sicom:095]: Received Master message: 01.05.0A.00.3F.02 (6)
[15:50:50][I][sicom:095]: Received Slave message: 01.14.03.A0.00.27.0A.22.00.00.25.72.FF.FF.FF.FF.FF.FF.00.76.01 (21)
[15:50:50][I][sicom:095]: Received Master message: 02.04.0A.5B.31 (5)
[15:50:50][I][sicom:095]: Received Slave message: 02.17.0E.A0.FF.FF.FF.FD.04.E8.3C.9E.00.08.67.00.0C.9A.28.90.28.90.CC.3D (24)
[15:50:50][I][sicom:095]: Received Master message: 03.04.0A.9B.69 (5)
[15:50:50][I][sicom:095]: Received Slave message: 03.19.10.A0.00.00.00.16.00.13.52.4D.00.00.00.00.34.0A.FF.FF.FF.FF.FF.FF.7E.A5 (26)
[15:50:50][C][usb_host:380]: USBClient
[15:50:50][C][usb_host:381]:   Vendor id 0000
[15:50:50][C][usb_host:382]:   Product id 0000
[15:50:50][C][usb_uart:180]:   UART Channel 0
[15:50:50][C][usb_uart:181]:     Baud Rate: 9600 baud
[15:50:50][C][usb_uart:182]:     Data Bits: 8
[15:50:50][C][usb_uart:183]:     Parity: NONE
[15:50:50][C][usb_uart:184]:     Stop bits: 0
[15:50:50][C][sicom:105]: Sicom
[15:50:50][I][sicom:095]: Received Master message: 01.05.0A.00.3F.02 (6)
[15:50:50][I][sicom:095]: Received Slave message: 01.14.03.A0.00.25.0A.27.FF.FF.25.72.FF.FF.FF.FF.FF.FF.00.EA.A9 (21)
[15:50:50][I][sicom:095]: Received Master message: 02.04.0A.5B.31 (5)
[15:50:50][I][sicom:095]: Received Slave message: 02.17.0E.A0.FF.FF.FF.FC.04.E8.3C.9E.00.08.67.00.0C.9A.28.90.28.90.C0.FC (24)
[15:50:50][I][sicom:095]: Received Master message: 03.04.0A.9B.69 (5)
[15:50:50][I][sicom:095]: Received Slave message: 03.19.10.A0.00.00.00.16.00.13.52.4D.00.00.00.00.34.07.FF.FF.FF.FF.FF.FF.15.69 (26)
[15:50:50][C][web_server:153]: Web Server:
[15:50:50][C][safe_mode:022]:   Remain in safe mode for 300 seconds
[15:50:50][C][api:140]: API Server:
[15:50:50][C][api:141]:   Address: usb-test.local:6053
[15:50:50][C][api:145]:   Using noise encryption: NO
[15:50:50][I][sicom:095]: Received Master message: 01.05.0A.00.3F.02 (6)
[15:50:50][I][sicom:095]: Received Slave message: 01.14.03.A0.00.24.0A.2A.FF.FF.25.72.FF.FF.FF.FF.FF.FF.00.28.98 (21)
[15:50:50][I][sicom:095]: Received Master message: 02.04.0A.5B.31 (5)
[15:50:50][I][sicom:095]: Received Slave message: 02.17.0E.A0.FF.FF.FF.FC.04.E8.3C.9D.00.08.66.00.0C.9C.28.90.28.90.AD.C0 (24)
[15:50:50][I][sicom:095]: Received Master message: 03.04.0A.9B.69 (5)
[15:50:50][I][sicom:095]: Received Slave message: 03.19.10.A0.00.00.00.15.00.13.52.4D.00.00.00.00.34.07.FF.FF.FF.FF.FF.FF.73.95 (26)
[15:50:50][I][sicom:095]: Received Master message: 01.05.0A.00.3F.02 (6)
[15:50:50][I][sicom:095]: Received Slave message: 01.14.03.A0.00.24.0A.29.FF.FF.25.72.FF.FF.FF.FF.FF.FF.00.27.0D (21)
[15:50:50][I][sicom:095]: Received Master message: 02.04.0A.5B.31 (5)
[15:50:50][I][sicom:095]: Received Slave message: 02.17.0E.A0.FF.FF.FF.FC.04.E8.3C.9D.00.08.67.00.0C.9C.28.90.28.90.37.97 (24)
[15:50:50][I][sicom:095]: Received Master message: 03.04.0A.9B.69 (5)
[15:50:50][I][sicom:095]: Received Slave message: 03.19.10.A0.00.00.00.15.00.13.52.4D.00.00.00.00.34.08.FF.FF.FF.FF.FF.FF.42.FE (26)
[15:50:50][I][sicom:095]: Received Master message: 01.05.0A.00.3F.02 (6)
[15:50:50][I][sicom:095]: Received Slave message: 01.14.03.A0.00.24.0A.26.FF.FF.25.72.FF.FF.FF.FF.FF.FF.00.16.CC (21)
[15:50:50][I][sicom:095]: Received Master message: 02.04.0A.5B.31 (5)
[15:50:50][I][sicom:095]: Received Slave message: 02.17.0E.A0.FF.FF.FF.FC.04.E8.3C.9D.00.08.67.00.0C.9C.28.90.28.90.37.97 (24)
[15:50:50][I][sicom:095]: Received Master message: 03.04.0A.9B.69 (5)
[15:50:50][I][sicom:095]: Received Slave message: 03.19.10.A0.00.00.00.15.00.13.52.4D.00.00.00.00.34.08.FF.FF.FF.FF.FF.FF.42.FE (26)
[15:50:50][I][sicom:095]: Received Master message: 01.05.0A.00.3F.02 (6)
[15:50:50][I][sicom:095]: Received Slave message: 01.14.03.A0.00.24.0A.21.00.00.25.72.FF.FF.FF.FF.FF.FF.00.63.27 (21)
[15:50:50][I][sicom:095]: Received Master message: 02.04.0A.5B.31 (5)
[15:50:50][I][sicom:095]: Received Slave message: 02.17.0E.A0.FF.FF.FF.FC.04.E8.3C.9D.00.08.68.00.0C.9C.28.90.28.90.56.35 (24)
[15:50:50][I][sicom:095]: Received Master message: 03.04.0A.9B.69 (5)
[15:50:50][I][sicom:095]: Received Slave message: 03.19.10.A0.00.00.00.15.00.13.52.4D.00.00.00.00.34.08.FF.FF.FF.FF.FF.FF.42.FE (26)
[15:50:50][I][sicom:095]: Received Master message: FA.04.31.CF.FF (5)
[15:50:50][I][sicom:095]: Received Master message: FA.04.31.CF.FF (5)
[15:50:50][I][sicom:095]: Received Master message: 01.05.0A.00.3F.02 (6)
[15:50:50][I][sicom:095]: Received Slave message: 01.14.03.A0.00.24.0A.1D.00.00.25.72.FF.FF.FF.FF.FF.FF.00.A4.23 (21)
[15:50:50][I][sicom:095]: Received Master message: 02.0A.5B.31.02.17.0E.A0.FF.FF.FF (11)
[15:50:50][W][sicom:097]: CRC error, 4B6D != 0000
[15:50:50][I][sicom:095]: Received Slave message: FC.04.E8.3C.9D (5)
[15:50:50][W][sicom:097]: CRC error, 0082 != 0000
[15:50:50][I][sicom:095]: Received Slave message: 00.08.68.00.0C.9C.28.90.28 (9)
[15:50:50][W][sicom:097]: CRC error, 8F76 != 0000
[15:50:50][I][sicom:095]: Received Master message: 03.04.0A.9B.69 (5)
[15:50:50][I][sicom:095]: Received Slave message: 03.19.10.A0.00.00.00.14.00.13.52.4D.00.00.00.00.34.05.FF.FF.FF.FF.FF.FF.FB.E1 (26)
[15:50:50][I][sicom:095]: Received Master message: 01.05.0A.00.3F.02 (6)
[15:50:50][I][sicom:095]: Received Slave message: 01.14.03.A0.00.24.0A.1F.FF.FF.25.72.FF.FF.FF.FF.FF.FF.00.C1.77 (21)
[15:50:50][I][sicom:095]: Received Master message: 02.04.0A.5B.31 (5)
[15:50:50][I][sicom:095]: Received Slave message: 02.17.0E.A0.FF.FF.FF.FC.04.E8.3C.9D.00.08.68.00.0C.9C.28.90.28.90.56.35 (24)
[15:50:50][I][sicom:095]: Received Master message: 03.04.0A.9B.69 (5)
[15:50:50][I][sicom:095]: Received Slave message: 03.19.10.A0.00.00.00.13.00.13.52.4D.00.00.00.00.34.05.FF.FF.FF.FF.FF.FF.E4.CA (26)
[15:50:50][I][sicom:095]: Received Master message: 01.05.0A.00.3F.02 (6)
[15:50:50][I][sicom:095]: Received Slave message: 01.14.03.A0.00.24.0A.21.00.00.25.72.FF.FF.FF.FF.FF.FF.00.63.27 (21)
[15:50:50][I][sicom:095]: Received Master message: 02.04.0A.5B.31 (5)
[15:50:50][I][sicom:095]: Received Slave message: 02.17.0E.A0.FF.FF.FF.FC.04.E8.3C.9D.00.08.68.00.0C.9C.28.90.28.90.56.35 (24)
[15:50:50][I][sicom:095]: Received Master message: 03.04.0A.9B.69 (5)
[15:50:50][I][sicom:095]: Received Slave message: 03.19.10.A0.00.00.00.13.00.13.52.4D.00.00.00.00.34.07.FF.FF.FF.FF.FF.FF.BE.6D (26)
[15:50:51][I][sicom:095]: Received Master message: 01.05.0A.00.3F.02 (6)
[15:50:51][I][sicom:095]: Received Slave message: 01.14.03.A0.00.24.0A.26.FF.FF.25.72.FF.FF.FF.FF.FF.FF.00.16.CC (21)
[15:50:51][I][sicom:095]: Received Master message: 02.04.0A.5B.31 (5)
[15:50:51][I][sicom:095]: Received Slave message: 02.17.0E.A0.FF.FF.FF.FC.04.E8.3C.9D.00.08.67.00.0C.9C.28.90.28.90.37.97 (24)
[15:50:51][I][sicom:095]: Received Master message: 03.04.0A.9B.69 (5)
[15:50:51][I][sicom:095]: Received Slave message: 03.19.10.A0.00.00.00.13.00.13.52.4D.00.00.00.00.34.07.FF.FF.FF.FF.FF.FF.BE.6D (26)
[15:50:51][I][sicom:095]: Received Master message: 01.05.0A.00.3F.02 (6)
[15:50:51][I][sicom:095]: Received Slave message: 01.14.03.A0.00.24.0A.28.FF.FF.25.72.FF.FF.FF.FF.FF.FF.00.D2.F9 (21)
[15:50:51][I][sicom:095]: Received Master message: 02.04.0A.5B.31 (5)
[15:50:51][I][sicom:095]: Received Slave message: 02.17.0E.A0.FF.FF.FF.FC.04.E8.3C.9D.00.08.67.00.0C.9C.28.90.28.90.37.97 (24)
[15:50:51][I][sicom:095]: Received Master message: 03.04.0A.9B.69 (5)
[15:50:51][I][sicom:095]: Received Slave message: 03.19.10.A0.00.00.00.13.00.13.52.4D.00.00.00.00.34.07.FF.FF.FF.FF.FF.FF.BE.6D (26)
[15:50:51][I][sicom:095]: Received Master message: 01.05.0A.00.3F.02 (6)
[15:50:51][I][sicom:095]: Received Slave message: 01.14.03.A0.00.23.0A.25.FF.FF.25.72.FF.FF.FF.FF.FF.FF.00.25.AE (21)
[15:50:51][I][sicom:095]: Received Master message: 02.04.0A.5B.31 (5)
[15:50:51][I][sicom:095]: Received Slave message: 02.17.0E.A0.FF.FF.FF.FC.04.E8.3C.9D.00.08.66.00.0C.9C.28.90.28.90.AD.C0 (24)
[15:50:51][I][sicom:095]: Received Master message: 03.04.0A.9B.69 (5)
[15:50:51][I][sicom:095]: Received Slave message: 03.19.10.A0.00.00.00.15.00.13.52.4D.00.00.00.00.34.07.FF.FF.FF.FF.FF.FF.73.95 (26)
[15:50:51][I][sicom:095]: Received Master message: 01.05.0A.00.3F.02 (6)
[15:50:51][I][sicom:095]: Received Slave message: 01.14.03.A0.00.24.0A.23.FF.FF.25.72.FF.FF.FF.FF.FF.FF.00.06.73 (21)
[15:50:51][I][sicom:095]: Received Master message: 02.04.0A.5B.31 (5)
[15:50:51][I][sicom:095]: Received Slave message: 02.17.0E.A0.FF.FF.FF.FC.04.E8.3C.9D.00.08.66.00.0C.9C.28.90.28.90.AD.C0 (24)
[15:50:51][I][sicom:095]: Received Master message: 03.04.0A.9B.69 (5)
[15:50:51][I][sicom:095]: Received Slave message: 03.19.10.A0.00.00.00.16.00.13.52.4D.00.00.00.00.34.07.FF.FF.FF.FF.FF.FF.15.69 (26)
[15:50:51][I][sicom:095]: Received Master message: 01.05.0A.00.3F.02 (6)
[15:50:51][I][sicom:095]: Received Slave message: 01.14.03.A0.00.24.0A.24.00.00.25.72.FF.FF.FF.FF.FF.FF.00.73.98 (21)
[15:50:51][I][sicom:095]: Received Master message: 02.04.0A.5B.31 (5)
[15:50:51][I][sicom:095]: Received Slave message: 02.17.0E.A0.FF.FF.FF.FC.04.E8.3C.9D.00.08.66.00.0C.9E.28.90.28.90.5E.57 (24)
[15:50:51][I][sicom:095]: Received Master message: 03.04.0A.9B.69 (5)
[15:50:51][I][sicom:095]: Received Slave message: 03.19.10.A0.00.00.00.16.00.13.52.4D.00.00.00.00.34.03.FF.FF.FF.FF.FF.FF.A0.27 (26)
[15:50:51][I][sicom:095]: Received Master message: 01.05.0A.00.3F.02 (6)
[15:50:51][I][sicom:095]: Received Slave message: 01.14.03.A0.00.24.0A.27.00.00.25.72.FF.FF.FF.FF.FF.FF.00.7C.0D (21)
[15:50:51][I][sicom:095]: Received Master message: 02.04.0A.5B.31 (5)
[15:50:51][I][sicom:095]: Received Slave message: 02.17.0E.A0.FF.FF.FF.FC.04.E8.3C.9D.00.08.65.00.0C.9E.28.90.28.90.E1.27 (24)
[15:50:51][I][sicom:095]: Received Master message: 03.04.0A.9B.69 (5)
[15:50:51][I][sicom:095]: Received Slave message: 03.19.10.A0.00.00.00.16.00.13.52.4D.00.00.00.00.34.03.FF.FF.FF.FF.FF.FF.A0.27 (26)
[15:50:51][I][sicom:095]: Received Master message: 01.05.0A.00.3F.02 (6)
[15:50:51][I][sicom:095]: Received Slave message: 01.14.03.A0.00.24.0A.28.00.00.25.72.FF.FF.FF.FF.FF.FF.00.4D.CC (21)
[15:50:51][I][sicom:095]: Received Master message: 02.0A.5B.31.02.17.0E.A0.FF.FF.FF (11)
[15:50:51][W][sicom:097]: CRC error, 4B6D != 0000
[15:50:51][I][sicom:095]: Received Slave message: FC.04.E8.3C.9D (5)
[15:50:51][W][sicom:097]: CRC error, 0082 != 0000
[15:50:51][I][sicom:095]: Received Slave message: 00.08.65.00.0C.9E.28.90.28 (9)
[15:50:51][W][sicom:097]: CRC error, 8DE2 != 0000
[15:50:51][I][sicom:095]: Received Master message: 03.04.0A.9B.69 (5)
[15:50:51][I][sicom:095]: Received Slave message: 03.19.10.A0.00.00.00.15.00.13.52.4D.00.00.00.00.34.03.FF.FF.FF.FF.FF.FF.C6.DB (26)
[15:50:51][I][sicom:095]: Received Master message: FA.04.31.CF.FF (5)
[15:50:51][I][sicom:095]: Received Master message: FA.04.31.CF.FF (5)
[15:50:51][I][sicom:095]: Received Master message: 01.05.0A.00.3F.02 (6)
[15:50:51][I][sicom:095]: Received Slave message: 01.14.03.A0.00.24.0A.26.FF.FF.25.72.FF.FF.FF.FF.FF.FF.00.16.CC (21)
[15:50:51][I][sicom:095]: Received Master message: 02.04.0A.5B.31 (5)
[15:50:51][I][sicom:095]: Received Slave message: 02.17.0E.A0.FF.FF.FF.FC.04.E8.3C.9D.00.08.66.00.0C.9D.28.90.28.90.5C.CF (24)
[15:50:51][I][sicom:095]: Received Master message: 03.04.0A.9B.69 (5)
[15:50:51][I][sicom:095]: Received Slave message: 03.19.10.A0.00.00.00.15.00.13.52.4D.00.00.00.00.34.06.FF.FF.FF.FF.FF.FF.D6.02 (26)
[15:50:51][I][sicom:095]: Received Master message: 01.05.0A.00.3F.02 (6)
[15:50:51][I][sicom:095]: Received Slave message: 01.14.03.A0.00.24.0A.23.FF.FF.25.72.FF.FF.FF.FF.FF.FF.00.06.73 (21)
[15:50:51][I][sicom:095]: Received Master message: 02.04.0A.5B.31 (5)
[15:50:51][I][sicom:095]: Received Slave message: 02.17.0E.A0.FF.FF.FF.FC.04.E8.3C.9D.00.08.66.00.0C.9D.28.90.28.90.5C.CF (24)
[15:50:51][I][sicom:095]: Received Master message: 03.04.0A.9B.69 (5)
[15:50:51][I][sicom:095]: Received Slave message: 03.19.10.A0.00.00.00.15.00.13.52.4D.00.00.00.00.34.06.FF.FF.FF.FF.FF.FF.D6.02 (26)
[15:50:51][I][sicom:095]: Received Master message: 01.05.0A.00.3F.02 (6)
[15:50:51][I][sicom:095]: Received Slave message: 01.14.03.A0.00.24.0A.1D.FF.FF.25.72.FF.FF.FF.FF.FF.FF.00.3B.16 (21)
[15:50:51][I][sicom:095]: Received Master message: 02.04.0A.5B.31 (5)
[15:50:51][I][sicom:095]: Received Slave message: 02.17.0E.A0.FF.FF.FF.FC.04.E8.3C.9D.00.08.65.00.0C.9D.28.90.28.90.E3.BF (24)
[15:50:51][I][sicom:095]: Received Master message: 03.04.0A.9B.69 (5)
[15:50:51][I][sicom:095]: Received Slave message: 03.19.10.A0.00.00.00.15.00.13.52.4D.00.00.00.00.34.03.FF.FF.FF.FF.FF.FF.C6.DB (26)
[15:50:52][I][sicom:095]: Received Master message: 01.05.0A.00.3F.02 (6)
[15:50:52][I][sicom:095]: Received Slave message: 01.14.03.A0.00.24.0A.17.FF.FF.25.72.FF.FF.FF.FF.FF.FF.00.1A.68 (21)
[15:50:52][I][sicom:095]: Received Master message: 02.04.0A.5B.31 (5)
[15:50:52][I][sicom:095]: Received Slave message: 02.17.0E.A0.FF.FF.FF.FC.04.E8.3C.9D.00.08.65.00.0C.9D.28.90.28.90.E3.BF (24)
[15:50:52][I][sicom:095]: Received Master message: 03.04.0A.9B.69 (5)
[15:50:52][I][sicom:095]: Received Slave message: 03.19.10.A0.00.00.00.0C.00.13.52.4D.00.00.00.00.34.03.FF.FF.FF.FF.FF.FF.11.73 (26)
[15:50:52][I][sicom:095]: Received Master message: 01.05.0A.00.3F.02 (6)
[15:50:52][I][sicom:095]: Received Slave message: 01.14.03.A0.00.27.0A.19.FF.FF.25.72.FF.FF.FF.FF.FF.FF.00.C4.EE (21)
[15:50:52][I][sicom:095]: Received Master message: 02.04.0A.5B.31 (5)
[15:50:52][I][sicom:095]: Received Slave message: 02.17.0E.A0.FF.FF.FF.FC.04.E8.3C.9D.00.08.65.00.0C.9C.28.90.28.90.12.B0 (24)
[15:50:52][I][sicom:095]: Received Master message: 03.04.0A.9B.69 (5)
[15:50:52][I][sicom:095]: Received Slave message: 03.19.10.A0.FF.FF.FF.F9.00.13.52.4D.00.00.00.00.34.03.FF.FF.FF.FF.FF.FF.9F.F7 (26)
[15:50:52][I][sicom:095]: Received Master message: 01.05.0A.00.3F.02 (6)
[15:50:52][I][sicom:095]: Received Slave message: 01.14.03.A0.00.29.0A.20.FF.FF.25.72.FF.FF.FF.FF.FF.FF.00.6A.BB (21)
[15:50:52][I][sicom:095]: Received Master message: 02.04.0A.5B.31 (5)
[15:50:52][I][sicom:095]: Received Slave message: 02.17.0E.A0.FF.FF.FF.FC.04.E8.3C.9D.00.08.68.00.0C.9C.28.90.28.90.56.35 (24)
[15:50:52][I][sicom:095]: Received Master message: 03.04.0A.9B.69 (5)
[15:50:52][I][sicom:095]: Received Slave message: 03.19.10.A0.FF.FF.FF.F5.00.13.52.4D.00.00.00.00.34.03.FF.FF.FF.FF.FF.FF.15.8E (26)
[15:50:52][I][sicom:095]: Received Master message: 01.05.0A.00.3F.02 (6)
[15:50:52][I][sicom:095]: Received Slave message: 01.14.03.A0.00.29.0A.27.FF.FF.25.72.FF.FF.FF.FF.FF.FF.00.80.65 (21)
[15:50:52][I][sicom:095]: Received Master message: 02.04.0A.5B.31 (5)
[15:50:52][I][sicom:095]: Received Slave message: 02.17.0E.A0.FF.FF.FF.FC.04.E8.3C.9D.00.08.68.00.0C.9D.28.90.28.90.A7.3A (24)
[15:50:52][I][sicom:095]: Received Master message: 03.04.0A.9B.69 (5)
[15:50:52][I][sicom:095]: Received Slave message: 03.19.10.A0.FF.FF.FF.F5.00.13.52.4D.00.00.00.00.34.03.FF.FF.FF.FF.FF.FF.15.8E (26)
[15:50:52][I][sicom:095]: Received Master message: 01.05.0A.00.3F.02 (6)
[15:50:52][I][sicom:095]: Received Slave message: 01.14.03.A0.00.26.0A.2D.00.00.25.72.FF.FF.FF.FF.FF.FF.00.4E.51 (21)
[15:50:52][I][sicom:095]: Received Master message: 02.0A.5B.31.02.17.0E.A0.FF.FF.FF (11)
[15:50:52][W][sicom:097]: CRC error, 4B6D != 0000
[15:50:52][I][sicom:095]: Received Slave message: FC.04.E8.3C.9D (5)
[15:50:52][W][sicom:097]: CRC error, 0082 != 0000
[15:50:52][I][sicom:095]: Received Slave message: 00.08.68.00.0C.9C.28.90.28 (9)
[15:50:52][W][sicom:097]: CRC error, 8F76 != 0000
[15:50:52][I][sicom:095]: Received Master message: 03.04.0A.9B.69 (5)
[15:50:52][I][sicom:095]: Received Slave message: 03.19.10.A0.FF.FF.FF.F6.00.13.52.4D.00.00.00.00.34.05.FF.FF.FF.FF.FF.FF.9C.9B (26)
[15:50:52][I][sicom:095]: Received Master message: 01.05.0A.00.3F.02 (6)
[15:50:52][I][sicom:095]: Received Slave message: 01.14.03.A0.00.24.0A.2C.00.00.25.72.FF.FF.FF.FF.FF.FF.00.A8.87 (21)
[15:50:52][I][sicom:095]: Received Master message: 02.04.0A.5B.31 (5)
[15:50:52][I][sicom:095]: Received Slave message: 02.17.0E.A0.FF.FF.FF.FD.04.E8.3C.9D.00.08.68.00.0C.9C.28.90.28.90.5A.F4 (24)
[15:50:52][I][sicom:095]: Received Master message: 03.04.0A.9B.69 (5)
[15:50:52][I][sicom:095]: Received Slave message: 03.19.10.A0.FF.FF.FF.F6.00.13.52.4D.00.00.00.00.34.05.FF.FF.FF.FF.FF.FF.9C.9B (26)
[15:50:52][I][sicom:095]: Received Master message: 01.05.0A.00.3F.02 (6)
[15:50:52][I][sicom:095]: Received Slave message: 01.14.03.A0.00.24.0A.26.FF.FF.25.72.FF.FF.FF.FF.FF.FF.00.16.CC (21)
[15:50:52][I][sicom:095]: Received Master message: 02.04.0A.5B.31 (5)
[15:50:52][I][sicom:095]: Received Slave message: 02.17.0E.A0.FF.FF.FF.FC.04.E8.3C.9D.00.08.67.00.0C.9C.28.90.28.90.37.97 (24)
[15:50:52][I][sicom:095]: Received Master message: 03.04.0A.9B.69 (5)
[15:50:52][I][sicom:095]: Received Slave message: 03.19.10.A0.FF.FF.FF.F6.00.13.52.4D.00.00.00.00.34.08.FF.FF.FF.FF.FF.FF.F7.57 (26)
[15:50:52][I][sicom:095]: Received Master message: FA.04.31.CF.FF (5)
[15:50:52][I][sicom:095]: Received Master message: FA.04.31.CF.FF (5)
[15:50:52][I][sicom:095]: Received Master message: 01.05.0A.00.3F.02 (6)
[15:50:52][I][sicom:095]: Received Slave message: 01.14.03.A0.00.24.0A.20.FF.FF.25.72.FF.FF.FF.FF.FF.FF.00.09.E6 (21)
[15:50:52][I][sicom:095]: Received Master message: 02.04.0A.5B.31 (5)
[15:50:52][I][sicom:095]: Received Slave message: 02.17.0E.A0.FF.FF.FF.FC.04.E8.3C.9D.00.08.67.00.0C.9C.28.90.28.90.37.97 (24)
[15:50:52][I][sicom:095]: Received Master message: 03.04.0A.9B.69 (5)
[15:50:52][I][sicom:095]: Received Slave message: 03.19.10.A0.FF.FF.FF.F6.00.13.52.4D.00.00.00.00.34.08.FF.FF.FF.FF.FF.FF.F7.57 (26)
[15:50:52][I][sicom:095]: Received Master message: 01.05.0A.00.3F.02 (6)
[15:50:52][I][sicom:095]: Received Slave message: 01.14.03.A0.00.24.0A.1F.FF.FF.25.72.FF.FF.FF.FF.FF.FF.00.C1.77 (21)
[15:50:52][I][sicom:095]: Received Master message: 02.04.0A.5B.31 (5)
[15:50:52][I][sicom:095]: Received Slave message: 02.17.0E.A0.FF.FF.FF.FC.04.E8.3C.9D.00.08.67.00.0C.9A.28.90.28.90.32.A7 (24)
[15:50:52][I][sicom:095]: Received Master message: 03.04.0A.9B.69 (5)
[15:50:52][I][sicom:095]: Received Slave message: 03.19.10.A0.FF.FF.FF.F6.00.13.52.4D.00.00.00.00.34.08.FF.FF.FF.FF.FF.FF.F7.57 (26)
[15:50:52][I][sicom:095]: Received Master message: 01.05.0A.00.3F.02 (6)
[15:50:52][I][sicom:095]: Received Slave message: 01.14.03.A0.00.26.0A.20.FF.FF.25.72.FF.FF.FF.FF.FF.FF.00.1A.C4 (21)
[15:50:52][I][sicom:095]: Received Master message: 02.04.0A.5B.31 (5)
[15:50:52][I][sicom:095]: Received Slave message: 02.17.0E.A0.FF.FF.FF.FC.04.E8.3C.9D.00.08.67.00.0C.9A.28.90.28.90.32.A7 (24)
[15:50:52][I][sicom:095]: Received Master message: 03.04.0A.9B.69 (5)
[15:50:52][I][sicom:095]: Received Slave message: 03.19.10.A0.FF.FF.FF.F5.00.13.52.4D.00.00.00.00.34.0D.FF.FF.FF.FF.FF.FF.81.72 (26)
[15:50:53][I][sicom:095]: Received Master message: 01.05.0A.00.3F.02 (6)
[15:50:53][I][sicom:095]: Received Slave message: 01.14.03.A0.00.28.0A.24.00.00.25.72.FF.FF.FF.FF.FF.FF.00.19.54 (21)
[15:50:53][I][sicom:095]: Received Master message: 02.04.0A.5B.31 (5)
[15:50:53][I][sicom:095]: Received Slave message: 02.17.0E.A0.FF.FF.FF.FC.04.E8.3C.9D.00.08.67.00.0C.9B.28.90.28.90.C3.A8 (24)
[15:50:53][I][sicom:095]: Received Master message: 03.04.0A.9B.69 (5)
[15:50:53][I][sicom:095]: Received Slave message: 03.19.10.A0.FF.FF.FF.F5.00.13.52.4D.00.00.00.00.34.0D.FF.FF.FF.FF.FF.FF.81.72 (26)
[15:50:53][I][sicom:095]: Received Master message: 01.05.0A.00.3F.02 (6)
[15:50:53][I][sicom:095]: Received Slave message: 01.14.03.A0.00.26.0A.26.00.00.25.72.FF.FF.FF.FF.FF.FF.00.9A.DB (21)
[15:50:53][I][sicom:095]: Received Master message: 02.04.0A.5B.31 (5)
[15:50:53][I][sicom:095]: Received Slave message: 02.17.0E.A0.FF.FF.FF.FC.04.E8.3C.9D.00.08.69.00.0C.9C.28.90.28.90.CC.62 (24)
[15:50:53][I][sicom:095]: Received Master message: 03.04.0A.9B.69 (5)
[15:50:53][I][sicom:095]: Received Slave message: 03.19.10.A0.FF.FF.FF.F4.00.13.52.4D.00.00.00.00.34.0F.FF.FF.FF.FF.FF.FF.09.06 (26)
[15:50:53][I][sicom:095]: Received Master message: 01.05.0A.00.3F.02 (6)
[15:50:53][I][sicom:095]: Received Slave message: 01.14.03.A0.00.24.0A.24.00.00.25.72.FF.FF.FF.FF.FF.FF.00.73.98 (21)
[15:50:53][I][sicom:095]: Received Master message: 02.04.0A.5B.31 (5)
[15:50:53][I][sicom:095]: Received Slave message: 02.17.0E.A0.FF.FF.FF.FC.04.E8.3C.9D.00.08.69.00.0C.9C.28.90.28.90.CC.62 (24)
[15:50:53][I][sicom:095]: Received Master message: 03.04.0A.9B.69 (5)
[15:50:53][I][sicom:095]: Received Slave message: 03.19.10.A0.FF.FF.FF.F2.00.13.52.4D.00.00.00.00.34.0F.FF.FF.FF.FF.FF.FF.C4.FE (26)
[15:50:53][I][sicom:095]: Received Master message: 01.05.0A.00.3F.02 (6)
[15:50:53][I][sicom:095]: Received Slave message: 01.14.03.A0.00.24.0A.20.00.00.25.72.FF.FF.FF.FF.FF.FF.00.96.D3 (21)
[15:50:53][I][sicom:095]: Received Master message: 02.0A.5B.31.02.17.0E.A0.FF.FF.FF (11)
[15:50:53][W][sicom:097]: CRC error, 4B6D != 0000
[15:50:53][I][sicom:095]: Received Slave message: FC.04.E8.3C.9D (5)
[15:50:53][W][sicom:097]: CRC error, 0082 != 0000
[15:50:53][I][sicom:095]: Received Slave message: 00.08.69.00.0C.9C.28.90.28 (9)
[15:50:53][W][sicom:097]: CRC error, 2AE1 != 0000
[15:50:53][I][sicom:095]: Received Master message: 03.04.0A.9B.69 (5)
[15:50:53][I][sicom:095]: Received Slave message: 03.19.10.A0.FF.FF.FF.F1.00.13.52.4D.00.00.00.00.34.0F.FF.FF.FF.FF.FF.FF.A2.02 (26)
[15:50:53][I][sicom:095]: Received Master message: 01.05.0A.00.3F.02 (6)
[15:50:53][I][sicom:095]: Received Slave message: 01.14.03.A0.00.24.0A.1C.FF.FF.25.72.FF.FF.FF.FF.FF.FF.00.CE.E2 (21)
[15:50:53][I][sicom:095]: Received Master message: 02.04.0A.5B.31 (5)
[15:50:53][I][sicom:095]: Received Slave message: 02.17.0E.A0.FF.FF.FF.FC.04.E8.3C.9D.00.08.69.00.0C.9C.28.90.28.90.CC.62 (24)
[15:50:53][I][sicom:095]: Received Master message: 03.04.0A.9B.69 (5)
[15:50:53][I][sicom:095]: Received Slave message: 03.19.10.A0.FF.FF.FF.F2.00.13.52.4D.00.00.00.00.34.0B.FF.FF.FF.FF.FF.FF.71.B0 (26)
[15:50:53][I][sicom:095]: Received Master message: 01.05.0A.00.3F.02 (6)
[15:50:53][I][sicom:095]: Received Slave message: 01.14.03.A0.00.24.0A.1F.FF.FF.25.72.FF.FF.FF.FF.FF.FF.00.C1.77 (21)
[15:50:53][I][sicom:095]: Received Master message: 02.04.0A.5B.31 (5)
[15:50:53][I][sicom:095]: Received Slave message: 02.17.0E.A0.FF.FF.FF.FC.04.E8.3C.9D.00.08.68.00.0C.9E.28.90.28.90.A5.A2 (24)
[15:50:53][I][sicom:095]: Received Master message: 03.04.0A.9B.69 (5)
[15:50:53][I][sicom:095]: Received Slave message: 03.19.10.A0.FF.FF.FF.F4.00.13.52.4D.00.00.00.00.34.0B.FF.FF.FF.FF.FF.FF.BC.48 (26)
[15:50:53][I][sicom:095]: Received Master message: 01.05.0A.00.3F.02 (6)
[15:50:53][I][sicom:095]: Received Slave message: 01.14.03.A0.00.24.0A.23.FF.FF.25.72.FF.FF.FF.FF.FF.FF.00.06.73 (21)
[15:50:53][I][sicom:095]: Received Master message: 02.04.0A.5B.31 (5)
[15:50:53][I][sicom:095]: Received Slave message: 02.17.0E.A0.FF.FF.FF.FC.04.E8.3C.9D.00.08.68.00.0C.9E.28.90.28.90.A5.A2 (24)
[15:50:53][I][sicom:095]: Received Master message: 03.04.0A.9B.69 (5)
[15:50:53][I][sicom:095]: Received Slave message: 03.19.10.A0.FF.FF.FF.F4.00.13.52.4D.00.00.00.00.34.08.FF.FF.FF.FF.FF.FF.43.78 (26)
[15:50:53][I][sicom:095]: Received Master message: FA.04.31.CF.FF (5)
[15:50:53][I][sicom:095]: Received Master message: FA.04.31.CF.FF (5)
[15:50:53][I][sicom:095]: Received Master message: 01.05.0A.00.3F.02 (6)
[15:50:53][I][sicom:095]: Received Slave message: 01.14.03.A0.00.24.0A.2A.FF.FF.25.72.FF.FF.FF.FF.FF.FF.00.28.98 (21)
[15:50:53][I][sicom:095]: Received Master message: 02.04.0A.5B.31 (5)
[15:50:53][I][sicom:095]: Received Slave message: 02.17.0E.A0.FF.FF.FF.FC.04.E8.3C.9D.00.08.68.00.0C.9D.28.90.28.90.A7.3A (24)
[15:50:53][I][sicom:095]: Received Master message: 03.04.0A.9B.69 (5)
[15:50:53][I][sicom:095]: Received Slave message: 03.19.10.A0.FF.FF.FF.F4.00.13.52.4D.00.00.00.00.34.08.FF.FF.FF.FF.FF.FF.43.78 (26)
[15:50:53][I][sicom:095]: Received Master message: 01.05.0A.00.3F.02 (6)
[15:50:53][I][sicom:095]: Received Slave message: 01.14.03.A0.00.24.0A.2B.FF.FF.25.72.FF.FF.FF.FF.FF.FF.00.DD.6C (21)
[15:50:53][I][sicom:095]: Received Master message: 02.04.0A.5B.31 (5)
[15:50:53][I][sicom:095]: Received Slave message: 02.17.0E.A0.FF.FF.FF.FC.04.E8.3C.9D.00.08.67.00.0C.9D.28.90.28.90.C6.98 (24)
[15:50:53][I][sicom:095]: Received Master message: 03.04.0A.9B.69 (5)
[15:50:53][I][sicom:095]: Received Slave message: 03.19.10.A0.FF.FF.FF.F4.00.13.52.4D.00.00.00.00.34.08.FF.FF.FF.FF.FF.FF.43.78 (26)
[15:50:53][I][sicom:095]: Received Master message: 01.05.0A.00.3F.02 (6)
[15:50:53][I][sicom:095]: Received Slave message: 01.14.03.A0.00.23.0A.28.FF.FF.25.72.FF.FF.FF.FF.FF.FF.00.EE.0E (21)
[15:50:53][I][sicom:095]: Received Master message: 02.04.0A.5B.31 (5)
[15:50:53][I][sicom:095]: Received Slave message: 02.17.0E.A0.FF.FF.FF.FC.04.E8.3C.9D.00.08.67.00.0C.9D.28.90.28.90.C6.98 (24)
[15:50:53][I][sicom:095]: Received Master message: 03.04.0A.9B.69 (5)
[15:50:53][I][sicom:095]: Received Slave message: 03.19.10.A0.FF.FF.FF.F4.00.13.52.4D.00.00.00.00.34.04.FF.FF.FF.FF.FF.FF.8D.23 (26)
[15:50:54][I][sicom:095]: Received Master message: 01.05.0A.00.3F.02 (6)
[15:50:54][I][sicom:095]: Received Slave message: 01.14.03.A0.00.24.0A.25.FF.FF.25.72.FF.FF.FF.FF.FF.FF.00.19.59 (21)
[15:50:54][I][sicom:095]: Received Master message: 02.04.0A.5B.31 (5)
[15:50:54][I][sicom:095]: Received Slave message: 02.17.0E.A0.FF.FF.FF.FC.04.E8.3C.9D.00.08.66.00.0C.9D.28.90.28.90.5C.CF (24)
[15:50:54][I][sicom:095]: Received Master message: 03.04.0A.9B.69 (5)
[15:50:54][I][sicom:095]: Received Slave message: 03.19.10.A0.FF.FF.FF.F3.00.13.52.4D.00.00.00.00.34.04.FF.FF.FF.FF.FF.FF.92.08 (26)
[15:50:54][I][sicom:095]: Received Master message: 01.05.0A.00.3F.02 (6)
[15:50:54][I][sicom:095]: Received Slave message: 01.14.03.A0.00.24.0A.22.FF.FF.25.72.FF.FF.FF.FF.FF.FF.00.F3.87 (21)
[15:50:54][I][sicom:095]: Received Master message: 02.04.0A.5B.31 (5)
[15:50:54][I][sicom:095]: Received Slave message: 02.17.0E.A0.FF.FF.FF.FC.04.E8.3C.9D.00.08.66.00.0C.9D.28.90.28.90.5C.CF (24)
[15:50:54][I][sicom:095]: Received Master message: 03.04.0A.9B.69 (5)
[15:50:54][I][sicom:095]: Received Slave message: 03.19.10.A0.FF.FF.FF.F1.00.13.52.4D.00.00.00.00.34.05.FF.FF.FF.FF.FF.FF.83.B0 (26)
[15:50:54][I][sicom:095]: Received Master message: 01.05.0A.00.3F.02 (6)
[15:50:54][I][sicom:095]: Received Slave message: 01.14.03.A0.00.24.0A.21.FF.FF.25.72.FF.FF.FF.FF.FF.FF.00.FC.12 (21)
[15:50:54][I][sicom:095]: Received Master message: 02.04.0A.5B.31 (5)
[15:50:54][I][sicom:095]: Received Slave message: 02.17.0E.A0.FF.FF.FF.FC.04.E8.3C.9D.00.08.66.00.0C.9B.28.90.28.90.59.FF (24)
[15:50:54][I][sicom:095]: Received Master message: 03.04.0A.9B.69 (5)
[15:50:54][I][sicom:095]: Received Slave message: 03.19.10.A0.FF.FF.FF.EF.00.13.52.4D.00.00.00.00.34.05.FF.FF.FF.FF.FF.FF.4B.33 (26)
[15:50:54][I][sicom:095]: Received Master message: 01.05.0A.00.3F.02 (6)
[15:50:54][I][sicom:095]: Received Slave message: 01.14.03.A0.00.24.0A.23.FF.FF.25.72.FF.FF.FF.FF.FF.FF.00.06.73 (21)
[15:50:54][I][sicom:095]: Received Master message: 02.04.0A.5B.31 (5)
[15:50:54][I][sicom:095]: Received Slave message: 02.17.0E.A0.FF.FF.FF.FC.04.E8.3C.9D.00.08.67.00.0C.9B.28.90.28.90.C3.A8 (24)
[15:50:54][I][sicom:095]: Received Master message: 03.04.0A.9B.69 (5)
[15:50:54][I][sicom:095]: Received Slave message: 03.19.10.A0.FF.FF.FF.F0.00.13.52.4D.00.00.00.00.34.05.FF.FF.FF.FF.FF.FF.51.63 (26)
[15:50:54][I][sicom:095]: Received Master message: 01.05.0A.00.3F.02 (6)
[15:50:54][I][sicom:095]: Received Slave message: 01.14.03.A0.00.24.0A.23.FF.FF.25.72.FF.FF.FF.FF.FF.FF.00.06.73 (21)
[15:50:54][I][sicom:095]: Received Master message: 02.04.0A.5B.31 (5)
[15:50:54][I][sicom:095]: Received Slave message: 02.17.0E.A0.FF.FF.FF.FC.04.E8.3C.9D.00.08.67.00.0C.9D.28.90.28.90.C6.98 (24)
[15:50:54][I][sicom:095]: Received Master message: 03.04.0A.9B.69 (5)
[15:50:54][I][sicom:095]: Received Slave message: 03.19.10.A0.FF.FF.FF.F1.00.13.52.4D.00.00.00.00.34.06.FF.FF.FF.FF.FF.FF.7C.80 (26)
[15:50:54][I][sicom:095]: Received Master message: 01.05.0A.00.3F.02 (6)
[15:50:54][I][sicom:095]: Received Slave message: 01.14.03.A0.00.24.0A.20.FF.FF.25.72.FF.FF.FF.FF.FF.FF.00.09.E6 (21)
[15:50:54][I][sicom:095]: Received Master message: 02.04.0A.5B.31 (5)
[15:50:54][I][sicom:095]: Received Slave message: 02.17.0E.A0.FF.FF.FF.FC.04.E8.3C.9D.00.08.68.00.0C.9D.28.90.28.90.A7.3A (24)
[15:50:54][I][sicom:095]: Received Master message: 03.04.0A.9B.69 (5)
[15:50:54][I][sicom:095]: Received Slave message: 03.19.10.A0.FF.FF.FF.F2.00.13.52.4D.00.00.00.00.34.06.FF.FF.FF.FF.FF.FF.1A.7C (26)
[15:50:54][I][sicom:095]: Received Master message: 01.05.0A.00.3F.02 (6)
[15:50:54][I][sicom:095]: Received Slave message: 01.14.03.A0.00.24.0A.1E.00.00.25.72.FF.FF.FF.FF.FF.FF.00.AB.B6 (21)
[15:50:54][I][sicom:095]: Received Master message: 02.04.0A.5B.31 (5)
[15:50:54][I][sicom:095]: Received Slave message: 02.17.0E.A0.FF.FF.FF.FC.04.E8.3C.9D.00.08.68.00.0C.9C.28.90.28.90.56.35 (24)
[15:50:54][I][sicom:095]: Received Master message: 03.04.0A.9B.69 (5)
[15:50:54][I][sicom:095]: Received Slave message: 03.19.10.A0.FF.FF.FF.F3.00.13.52.4D.00.00.00.00.34.05.FF.FF.FF.FF.FF.FF.37.9F (26)
[15:50:54][I][sicom:095]: Received Master message: FA.04.31.CF.FF (5)
[15:50:54][I][sicom:095]: Received Master message: FA.04.31.CF.FF (5)
[15:50:54][I][sicom:095]: Received Master message: 01.05.0A.00.3F.02 (6)
[15:50:54][I][sicom:095]: Received Slave message: 01.14.03.A0.00.24.0A.1E.FF.FF.25.72.FF.FF.FF.FF.FF.FF.00.34.83 (21)
[15:50:54][I][sicom:095]: Received Master message: 02.04.0A.5B.31 (5)
[15:50:54][I][sicom:095]: Received Slave message: 02.17.0E.A0.FF.FF.FF.FC.04.E8.3C.9D.00.08.69.00.0C.9C.28.90.28.90.CC.62 (24)
[15:50:54][I][sicom:095]: Received Master message: 03.04.0A.9B.69 (5)
[15:50:54][I][sicom:095]: Received Slave message: 03.19.10.A0.FF.FF.FF.F3.00.13.52.4D.00.00.00.00.34.05.FF.FF.FF.FF.FF.FF.37.9F (26)
[15:50:54][I][sicom:095]: Received Master message: 01.05.0A.00.3F.02 (6)
[15:50:54][I][sicom:095]: Received Slave message: 01.14.03.A0.00.24.0A.21.FF.FF.25.72.FF.FF.FF.FF.FF.FF.00.FC.12 (21)
[15:50:54][I][sicom:095]: Received Master message: 02.04.0A.5B.31 (5)
[15:50:54][I][sicom:095]: Received Slave message: 02.17.0E.A0.FF.FF.FF.FC.04.E8.3C.9D.00.08.69.00.0C.9C.28.90.28.90.CC.62 (24)
[15:50:54][I][sicom:095]: Received Master message: 03.04.0A.9B.69 (5)
[15:50:54][I][sicom:095]: Received Slave message: 03.19.10.A0.FF.FF.FF.F3.00.13.52.4D.00.00.00.00.34.05.FF.FF.FF.FF.FF.FF.37.9F (26)
[15:50:54][I][sicom:095]: Received Master message: 01.05.0A.00.3F.02 (6)
[15:50:54][I][sicom:095]: Received Slave message: 01.14.03.A0.00.24.0A.27.00.00.25.72.FF.FF.FF.FF.FF.FF.00.7C.0D (21)
[15:50:54][I][sicom:095]: Received Master message: 02.04.0A.5B.31 (5)
[15:50:54][I][sicom:095]: Received Slave message: 02.17.0E.A0.FF.FF.FF.FC.04.E8.3C.9D.00.08.67.00.0C.9C.28.90.28.90.37.97 (24)
[15:50:54][I][sicom:095]: Received Master message: 03.04.0A.9B.69 (5)
[15:50:54][I][sicom:095]: Received Slave message: 03.19.10.A0.FF.FF.FF.F2.00.13.52.4D.00.00.00.00.34.04.FF.FF.FF.FF.FF.FF.40.DB (26)
[15:50:55][I][sicom:095]: Received Master message: 01.05.0A.00.3F.02 (6)
[15:50:55][I][sicom:095]: Received Slave message: 01.14.03.A0.00.25.0A.2B.FF.FF.25.72.FF.FF.FF.FF.FF.FF.00.D4.FD (21)
[15:50:55][I][sicom:095]: Received Master message: 02.0A.5B.31.02.17.0E.A0.FF.FF.FF (11)
[15:50:55][W][sicom:097]: CRC error, 4B6D != 0000
[15:50:55][I][sicom:095]: Received Slave message: FC.04.E8.3C.9D (5)
[15:50:55][W][sicom:097]: CRC error, 0082 != 0000
[15:50:55][I][sicom:095]: Received Slave message: 00.08.67.00.0C.9C.28.90.28 (9)
[15:50:55][W][sicom:097]: CRC error, BE1D != 0000
[15:50:55][I][sicom:095]: Received Master message: 03.04.0A.9B.69 (5)
[15:50:55][I][sicom:095]: Received Slave message: 03.19.10.A0.FF.FF.FF.F2.00.13.52.4D.00.00.00.00.34.04.FF.FF.FF.FF.FF.FF.40.DB (26)
[15:50:55][I][sicom:095]: Received Master message: 01.05.0A.00.3F.02 (6)
[15:50:55][I][sicom:095]: Received Slave message: 01.14.03.A0.00.28.0A.29.FF.FF.25.72.FF.FF.FF.FF.FF.FF.00.4D.C1 (21)
[15:50:55][I][sicom:095]: Received Master message: 02.04.0A.5B.31 (5)
[15:50:55][I][sicom:095]: Received Slave message: 02.17.0E.A0.FF.FF.FF.FC.04.E8.3C.9D.00.08.67.00.0C.9B.28.90.28.90.C3.A8 (24)
[15:50:55][I][sicom:095]: Received Master message: 03.04.0A.9B.69 (5)
[15:50:55][I][sicom:095]: Received Slave message: 03.19.10.A0.FF.FF.FF.F2.00.13.52.4D.00.00.00.00.33.FF.FF.FF.FF.FF.FF.FF.15.EB (26)
[15:50:55][I][sicom:095]: Received Master message: 01.05.0A.00.3F.02 (6)
[15:50:55][I][sicom:095]: Received Slave message: 01.14.03.A0.00.29.0A.26.FF.FF.25.72.FF.FF.FF.FF.FF.FF.00.75.91 (21)
[15:50:55][I][sicom:095]: Received Master message: 02.04.0A.5B.31 (5)
[15:50:55][I][sicom:095]: Received Slave message: 02.17.0E.A0.FF.FF.FF.FC.04.E8.3C.9D.00.08.68.00.0C.9B.28.90.28.90.A2.0A (24)
[15:50:55][I][sicom:095]: Received Master message: 03.04.0A.9B.69 (5)
[15:50:55][I][sicom:095]: Received Slave message: 03.19.10.A0.FF.FF.FF.F0.00.13.52.4D.00.00.00.00.33.FF.FF.FF.FF.FF.FF.FF.A1.C4 (26)
[15:50:55][I][sicom:095]: Received Master message: 01.05.0A.00.3F.02 (6)
[15:50:55][I][sicom:095]: Received Slave message: 01.14.03.A0.00.28.0A.21.00.00.25.72.FF.FF.FF.FF.FF.FF.00.09.EB (21)
[15:50:55][I][sicom:095]: Received Master message: 02.04.0A.5B.31 (5)
[15:50:55][I][sicom:095]: Received Slave message: 02.17.0E.A0.FF.FF.FF.FC.04.E8.3C.9D.00.08.68.00.0C.9B.28.90.28.90.A2.0A (24)
[15:50:55][I][sicom:095]: Received Master message: 03.04.0A.9B.69 (5)
[15:50:55][I][sicom:095]: Received Slave message: 03.19.10.A0.FF.FF.FF.EE.00.13.52.4D.00.00.00.00.33.FF.FF.FF.FF.FF.FF.FF.69.47 (26)
[15:50:55][I][sicom:095]: Received Master message: 01.05.0A.00.3F.02 (6)
[15:50:55][I][sicom:095]: Received Slave message: 01.14.03.A0.00.26.0A.1A.FF.FF.25.72.FF.FF.FF.FF.FF.FF.00.C2.EA (21)
[15:50:55][I][sicom:095]: Received Master message: 02.04.0A.5B.31 (5)
[15:50:55][I][sicom:095]: Received Slave message: 02.17.0E.A0.FF.FF.FF.FC.04.E8.3C.9D.00.08.67.00.0C.9B.28.90.28.90.C3.A8 (24)
[15:50:55][I][sicom:095]: Received Master message: 03.04.0A.9B.69 (5)
[15:50:55][I][sicom:095]: Received Slave message: 03.19.10.A0.FF.FF.FF.EF.00.13.52.4D.00.00.00.00.34.01.FF.FF.FF.FF.FF.FF.FE.7D (26)
[15:50:55][I][sicom:095]: Received Master message: 01.05.0A.00.3F.02 (6)
[15:50:55][I][sicom:095]: Received Slave message: 01.14.03.A0.00.24.0A.18.FF.FF.25.72.FF.FF.FF.FF.FF.FF.00.2B.A9 (21)
[15:50:55][I][sicom:095]: Received Master message: 02.04.0A.5B.31 (5)
[15:50:55][I][sicom:095]: Received Slave message: 02.17.0E.A0.FF.FF.FF.FC.04.E8.3C.9D.00.08.67.00.0C.9B.28.90.28.90.C3.A8 (24)
[15:50:55][I][sicom:095]: Received Master message: 03.04.0A.9B.69 (5)
[15:50:55][I][sicom:095]: Received Slave message: 03.19.10.A0.FF.FF.FF.F1.00.13.52.4D.00.00.00.00.34.01.FF.FF.FF.FF.FF.FF.36.FE (26)
[15:50:55][I][sicom:095]: Received Master message: 01.05.0A.00.3F.02 (6)
[15:50:55][I][sicom:095]: Received Slave message: 01.14.03.A0.00.24.0A.1E.FF.FF.25.72.FF.FF.FF.FF.FF.FF.00.34.83 (21)
[15:50:55][I][sicom:095]: Received Master message: 02.04.0A.5B.31 (5)
[15:50:55][I][sicom:095]: Received Slave message: 02.17.0E.A0.FF.FF.FF.FC.04.E8.3C.9D.00.08.66.00.0C.9B.28.90.28.90.59.FF (24)
[15:50:55][I][sicom:095]: Received Master message: 03.04.0A.9B.69 (5)
[15:50:55][I][sicom:095]: Received Slave message: 03.19.10.A0.FF.FF.FF.F1.00.13.52.4D.00.00.00.00.34.01.FF.FF.FF.FF.FF.FF.36.FE (26)
[15:50:55][I][sicom:095]: Received Master message: FA.04.31.CF.FF (5)
[15:50:55][I][sicom:095]: Received Master message: FA.04.31.CF.FF (5)
[15:50:55][I][sicom:095]: Received Master message: 01.05.0A.00.3F.02 (6)
[15:50:55][I][sicom:095]: Received Slave message: 01.14.03.A0.00.24.0A.23.FF.FF.25.72.FF.FF.FF.FF.FF.FF.00.06.73 (21)
[15:50:55][I][sicom:095]: Received Master message: 02.04.0A.5B.31 (5)
[15:50:55][I][sicom:095]: Received Slave message: 02.17.0E.A0.FF.FF.FF.FC.04.E8.3C.9D.00.08.66.00.0C.9B.28.90.28.90.59.FF (24)
[15:50:55][I][sicom:095]: Received Master message: 03.04.0A.9B.69 (5)
[15:50:55][I][sicom:095]: Received Slave message: 03.19.10.A0.FF.FF.FF.F1.00.13.52.4D.00.00.00.00.34.01.FF.FF.FF.FF.FF.FF.36.FE (26)
[15:50:55][I][sicom:095]: Received Master message: 01.05.0A.00.3F.02 (6)
[15:50:55][I][sicom:095]: Received Slave message: 01.14.03.A0.00.24.0A.26.FF.FF.25.72.FF.FF.FF.FF.FF.FF.00.16.CC (21)
[15:50:55][I][sicom:095]: Received Master message: 02.04.0A.5B.31 (5)
[15:50:55][I][sicom:095]: Received Slave message: 02.17.0E.A0.FF.FF.FF.FC.04.E8.3C.9D.00.08.66.00.0C.9A.28.90.28.90.A8.F0 (24)
[15:50:55][I][sicom:095]: Received Master message: 03.04.0A.9B.69 (5)
[15:50:55][I][sicom:095]: Received Slave message: 03.19.10.A0.FF.FF.FF.F1.00.13.52.4D.00.00.00.00.34.01.FF.FF.FF.FF.FF.FF.36.FE (26)
[15:50:55][I][sicom:095]: Received Master message: 01.05.0A.00.3F.02 (6)
[15:50:55][I][sicom:095]: Received Slave message: 01.14.03.A0.00.26.0A.26.FF.FF.25.72.FF.FF.FF.FF.FF.FF.00.05.EE (21)
[15:50:55][I][sicom:095]: Received Master message: 02.04.0A.5B.31 (5)
[15:50:55][I][sicom:095]: Received Slave message: 02.17.0E.A0.FF.FF.FF.FC.04.E8.3C.9D.00.08.67.00.0C.9A.28.90.28.90.32.A7 (24)
[15:50:55][I][sicom:095]: Received Master message: 03.04.0A.9B.69 (5)
[15:50:55][I][sicom:095]: Received Slave message: 03.19.10.A0.FF.FF.FF.F2.00.13.52.4D.00.00.00.00.34.02.FF.FF.FF.FF.FF.FF.AF.32 (26)
[15:50:56][I][sicom:095]: Received Master message: 01.05.0A.00.3F.02 (6)
[15:50:56][I][sicom:095]: Received Slave message: 01.14.03.A0.00.27.0A.24.FF.FF.25.72.FF.FF.FF.FF.FF.FF.00.F6.1E (21)
[15:50:56][I][sicom:095]: Received Master message: 02.04.0A.5B.31 (5)
[15:50:56][I][sicom:095]: Received Slave message: 02.17.0E.A0.FF.FF.FF.FC.04.E8.3C.9D.00.08.67.00.0C.9B.28.90.28.90.C3.A8 (24)
[15:50:56][I][sicom:095]: Received Master message: 03.04.0A.9B.69 (5)
[15:50:56][I][sicom:095]: Received Slave message: 03.19.10.A0.FF.FF.FF.F2.00.13.52.4D.00.00.00.00.34.02.FF.FF.FF.FF.FF.FF.AF.32 (26)
[15:50:56][I][sicom:095]: Received Master message: 01.05.0A.00.3F.02 (6)
[15:50:56][I][sicom:095]: Received Slave message: 01.14.03.A0.00.25.0A.20.FF.FF.25.72.FF.FF.FF.FF.FF.FF.00.00.77 (21)
[15:50:56][I][sicom:095]: Received Master message: 02.04.0A.5B.31 (5)
[15:50:56][I][sicom:095]: Received Slave message: 02.17.0E.A0.FF.FF.FF.FC.04.E8.3C.9D.00.08.68.00.0C.9C.28.90.28.90.56.35 (24)
[15:50:56][I][sicom:095]: Received Master message: 03.04.0A.9B.69 (5)
[15:50:56][I][sicom:095]: Received Slave message: 03.19.10.A0.FF.FF.FF.F1.00.13.52.4D.00.00.00.00.34.08.FF.FF.FF.FF.FF.FF.E8.7C (26)
[15:50:56][I][sicom:095]: Received Master message: 01.05.0A.00.3F.02 (6)
[15:50:56][I][sicom:095]: Received Slave message: 01.14.03.A0.00.24.0A.20.FF.FF.25.72.FF.FF.FF.FF.FF.FF.00.09.E6 (21)
[15:50:56][I][sicom:095]: Received Master message: 02.04.0A.5B.31 (5)
[15:50:56][I][sicom:095]: Received Slave message: 02.17.0E.A0.FF.FF.FF.FC.04.E8.3C.9D.00.08.68.00.0C.9C.28.90.28.90.56.35 (24)
[15:50:56][I][sicom:095]: Received Master message: 03.04.0A.9B.69 (5)
[15:50:56][I][sicom:095]: Received Slave message: 03.19.10.A0.FF.FF.FF.F1.00.13.52.4D.00.00.00.00.34.08.FF.FF.FF.FF.FF.FF.E8.7C (26)
[15:50:56][I][sicom:095]: Received Master message: 01.05.0A.00.3F.02 (6)
[15:50:56][I][sicom:095]: Received Slave message: 01.14.03.A0.00.24.0A.22.FF.FF.25.72.FF.FF.FF.FF.FF.FF.00.F3.87 (21)
[15:50:56][I][sicom:095]: Received Master message: 02.04.0A.5B.31 (5)
[15:50:56][I][sicom:095]: Received Slave message: 02.17.0E.A0.FF.FF.FF.FC.04.E8.3C.9D.00.08.69.00.0C.9C.28.90.28.90.CC.62 (24)
[15:50:56][I][sicom:095]: Received Master message: 03.04.0A.9B.69 (5)
[15:50:56][I][sicom:095]: Received Slave message: 03.19.10.A0.FF.FF.FF.F0.00.13.52.4D.00.00.00.00.34.08.FF.FF.FF.FF.FF.FF.3A.AF (26)
[15:50:56][I][sicom:095]: Received Master message: 01.05.0A.00.3F.02 (6)
[15:50:56][I][sicom:095]: Received Slave message: 01.14.03.A0.00.24.0A.27.00.00.25.72.FF.FF.FF.FF.FF.FF.00.7C.0D (21)
[15:50:56][I][sicom:095]: Received Master message: 02.04.0A.5B.31 (5)
[15:50:56][I][sicom:095]: Received Slave message: 02.17.0E.A0.FF.FF.FF.FC.04.E8.3C.9D.00.08.69.00.0C.9C.28.90.28.90.CC.62 (24)
[15:50:56][I][sicom:095]: Received Master message: 03.04.0A.9B.69 (5)
[15:50:56][I][sicom:095]: Received Slave message: 03.19.10.A0.FF.FF.FF.EF.00.13.52.4D.00.00.00.00.34.09.FF.FF.FF.FF.FF.FF.85.68 (26)
[15:50:56][I][sicom:095]: Received Master message: 01.05.0A.00.3F.02 (6)
[15:50:56][I][sicom:095]: Received Slave message: 01.14.03.A0.00.24.0A.28.FF.FF.25.72.FF.FF.FF.FF.FF.FF.00.D2.F9 (21)
[15:50:56][I][sicom:095]: Received Master message: 02.04.0A.5B.31 (5)
[15:50:56][I][sicom:095]: Received Slave message: 02.17.0E.A0.FF.FF.FF.FC.04.E8.3C.9D.00.08.67.00.0C.9C.28.90.28.90.37.97 (24)
[15:50:56][I][sicom:095]: Received Master message: 03.04.0A.9B.69 (5)
[15:50:56][I][sicom:095]: Received Slave message: 03.19.10.A0.FF.FF.FF.ED.00.13.52.4D.00.00.00.00.34.09.FF.FF.FF.FF.FF.FF.31.47 (26)
[15:50:56][I][sicom:095]: Received Master message: 01.05.0A.00.3F.02 (6)
[15:50:56][I][sicom:095]: Received Slave message: 01.14.03.A0.00.24.0A.27.FF.FF.25.72.FF.FF.FF.FF.FF.FF.00.E3.38 (21)
[15:50:56][I][sicom:095]: Received Master message: 02.04.0A.5B.31 (5)
[15:50:56][I][sicom:095]: Received Slave message: 02.17.0E.A0.FF.FF.FF.FC.04.E8.3C.9D.00.08.66.00.0C.9C.28.90.28.90.AD.C0 (24)
[15:50:56][I][sicom:095]: Received Master message: 03.04.0A.9B.69 (5)
[15:50:56][I][sicom:095]: Received Slave message: 03.19.10.A0.FF.FF.FF.ED.00.13.52.4D.00.00.00.00.34.09.FF.FF.FF.FF.FF.FF.31.47 (26)
[15:50:56][I][sicom:095]: Received Master message: FA.04.31.CF.FF (5)
[15:50:56][I][sicom:095]: Received Master message: FA.04.31.CF.FF (5)
[15:50:56][I][sicom:095]: Received Master message: 01.05.0A.00.3F.02 (6)
[15:50:56][I][sicom:095]: Received Slave message: 01.14.03.A0.00.24.0A.20.FF.FF.25.72.FF.FF.FF.FF.FF.FF.00.09.E6 (21)
[15:50:56][I][sicom:095]: Received Master message: 02.0A.5B.31.02.17.0E.A0.FF.FF.FF (11)
[15:50:56][W][sicom:097]: CRC error, 4B6D != 0000
[15:50:56][I][sicom:095]: Received Slave message: FC.04.E8.3C.9D (5)
[15:50:56][W][sicom:097]: CRC error, 0082 != 0000
[15:50:56][I][sicom:095]: Received Slave message: 00.08.66.00.0C.9C.28.90.28 (9)
[15:50:56][W][sicom:097]: CRC error, 1B8A != 0000
[15:50:56][I][sicom:095]: Received Master message: 03.04.0A.9B.69 (5)
[15:50:56][I][sicom:095]: Received Slave message: 03.19.10.A0.FF.FF.FF.EE.00.13.52.4D.00.00.00.00.34.09.FF.FF.FF.FF.FF.FF.57.BB (26)
[15:50:56][I][sicom:095]: Received Master message: 01.05.0A.00.3F.02 (6)
[15:50:56][I][sicom:095]: Received Slave message: 01.14.03.A0.00.24.0A.1A.00.00.25.72.FF.FF.FF.FF.FF.FF.00.4E.FD (21)
[15:50:56][I][sicom:095]: Received Master message: 02.04.0A.5B.31 (5)
[15:50:56][I][sicom:095]: Received Slave message: 02.17.0E.A0.FF.FF.FF.FC.04.E8.3C.9D.00.08.67.00.0C.9C.28.90.28.90.37.97 (24)
[15:50:56][I][sicom:095]: Received Master message: 03.04.0A.9B.69 (5)
[15:50:56][I][sicom:095]: Received Slave message: 03.19.10.A0.FF.FF.FF.F0.00.13.52.4D.00.00.00.00.34.09.FF.FF.FF.FF.FF.FF.9F.38 (26)
[15:50:56][I][sicom:095]: Received Master message: 01.05.0A.00.3F.02 (6)
[15:50:56][I][sicom:095]: Received Slave message: 01.14.03.A0.00.24.0A.1A.00.00.25.72.FF.FF.FF.FF.FF.FF.00.4E.FD (21)
[15:50:56][I][sicom:095]: Received Master message: 02.04.0A.5B.31 (5)
[15:50:56][I][sicom:095]: Received Slave message: 02.17.0E.A0.FF.FF.FF.FC.04.E8.3C.9D.00.08.67.00.0C.9E.28.90.28.90.C4.00 (24)
[15:50:56][I][sicom:095]: Received Master message: 03.04.0A.9B.69 (5)
[15:50:56][I][sicom:095]: Received Slave message: 03.19.10.A0.FF.FF.FF.F1.00.13.52.4D.00.00.00.00.34.08.FF.FF.FF.FF.FF.FF.E8.7C (26)
[15:50:57][I][sicom:095]: Received Master message: 01.05.0A.00.3F.02 (6)
[15:50:57][I][sicom:095]: Received Slave message: 01.14.03.A0.00.24.0A.20.FF.FF.25.72.FF.FF.FF.FF.FF.FF.00.09.E6 (21)
[15:50:57][I][sicom:095]: Received Master message: 02.04.0A.5B.31 (5)
[15:50:57][I][sicom:095]: Received Slave message: 02.17.0E.A0.FF.FF.FF.FC.04.E8.3C.9D.00.08.66.00.0C.9E.28.90.28.90.5E.57 (24)
[15:50:57][I][sicom:095]: Received Master message: 03.04.0A.9B.69 (5)
[15:50:57][I][sicom:095]: Received Slave message: 03.19.10.A0.FF.FF.FF.F1.00.13.52.4D.00.00.00.00.34.08.FF.FF.FF.FF.FF.FF.E8.7C (26)
[15:50:57][I][sicom:095]: Received Master message: 01.05.0A.00.3F.02 (6)
[15:50:57][I][sicom:095]: Received Slave message: 01.14.03.A0.00.24.0A.23.FF.FF.25.72.FF.FF.FF.FF.FF.FF.00.06.73 (21)
[15:50:57][I][sicom:095]: Received Master message: 02.04.0A.5B.31 (5)
[15:50:57][I][sicom:095]: Received Slave message: 02.17.0E.A0.FF.FF.FF.FC.04.E8.3C.9D.00.08.66.00.0C.9E.28.90.28.90.5E.57 (24)
[15:50:57][I][sicom:095]: Received Master message: 03.04.0A.9B.69 (5)
[15:50:57][I][sicom:095]: Received Slave message: 03.19.10.A0.FF.FF.FF.F0.00.13.52.4D.00.00.00.00.34.05.FF.FF.FF.FF.FF.FF.51.63 (26)
[15:50:57][I][sicom:095]: Received Master message: 01.05.0A.00.3F.02 (6)
[15:50:57][I][sicom:095]: Received Slave message: 01.14.03.A0.00.24.0A.28.00.00.25.72.FF.FF.FF.FF.FF.FF.00.4D.CC (21)
[15:50:57][I][sicom:095]: Received Master message: 02.04.0A.5B.31 (5)
[15:50:57][I][sicom:095]: Received Slave message: 02.17.0E.A0.FF.FF.FF.FC.04.E8.3C.9D.00.08.66.00.0C.9F.28.90.28.90.AF.58 (24)
[15:50:57][I][sicom:095]: Received Master message: 03.04.0A.9B.69 (5)
[15:50:57][I][sicom:095]: Received Slave message: 03.19.10.A0.FF.FF.FF.F0.00.13.52.4D.00.00.00.00.34.05.FF.FF.FF.FF.FF.FF.51.63 (26)
[15:50:57][I][sicom:095]: Received Master message: 01.05.0A.00.3F.02 (6)
[15:50:57][I][sicom:095]: Received Slave message: 01.14.03.A0.00.24.0A.2B.FF.FF.25.72.FF.FF.FF.FF.FF.FF.00.DD.6C (21)
[15:50:57][I][sicom:095]: Received Master message: 02.04.0A.5B.31 (5)
[15:50:57][I][sicom:095]: Received Slave message: 02.17.0E.A0.FF.FF.FF.FC.04.E8.3C.9D.00.08.67.00.0C.9F.28.90.28.90.35.0F (24)
[15:50:57][I][sicom:095]: Received Master message: 03.04.0A.9B.69 (5)
[15:50:57][I][sicom:095]: Received Slave message: 03.19.10.A0.FF.FF.FF.F1.00.13.52.4D.00.00.00.00.34.05.FF.FF.FF.FF.FF.FF.83.B0 (26)
[15:50:57][I][sicom:095]: Received Master message: 01.05.0A.00.3F.02 (6)
[15:50:57][I][sicom:095]: Received Slave message: 01.14.03.A0.00.25.0A.29.FF.FF.25.72.FF.FF.FF.FF.FF.FF.00.2E.9C (21)
[15:50:57][I][sicom:095]: Received Master message: 02.04.0A.5B.31 (5)
[15:50:57][I][sicom:095]: Received Slave message: 02.17.0E.A0.FF.FF.FF.FC.04.E8.3C.9D.00.08.67.00.0C.9F.28.90.28.90.35.0F (24)
[15:50:57][I][sicom:095]: Received Master message: 03.04.0A.9B.69 (5)
[15:50:57][I][sicom:095]: Received Slave message: 03.19.10.A0.FF.FF.FF.EF.00.13.52.4D.00.00.00.00.34.02.FF.FF.FF.FF.FF.FF.01.4D (26)
[15:50:57][I][sicom:095]: Received Master message: 01.05.0A.00.3F.02 (6)
[15:50:57][I][sicom:095]: Received Slave message: 01.14.03.A0.00.24.0A.23.FF.FF.25.72.FF.FF.FF.FF.FF.FF.00.06.73 (21)
[15:50:57][I][sicom:095]: Received Master message: 02.04.0A.5B.31 (5)
[15:50:57][I][sicom:095]: Received Slave message: 02.17.0E.A0.FF.FF.FF.FC.04.E8.3C.9D.00.08.69.00.0C.9F.28.90.28.90.CE.FA (24)
[15:50:57][I][sicom:095]: Received Master message: 03.04.0A.9B.69 (5)
[15:50:57][I][sicom:095]: Received Slave message: 03.19.10.A0.FF.FF.FF.ED.00.13.52.4D.00.00.00.00.34.02.FF.FF.FF.FF.FF.FF.B5.62 (26)
[15:50:57][I][sicom:095]: Received Master message: 01.05.0A.00.3F.02 (6)
[15:50:57][I][sicom:095]: Received Slave message: 01.14.03.A0.00.24.0A.1F.FF.FF.25.72.FF.FF.FF.FF.FF.FF.00.C1.77 (21)
[15:50:57][I][sicom:095]: Received Master message: 02.04.0A.5B.31 (5)
[15:50:57][I][sicom:095]: Received Slave message: 02.17.0E.A0.FF.FF.FF.FC.04.E8.3C.9D.00.08.69.00.0C.9C.28.90.28.90.CC.62 (24)
[15:50:57][I][sicom:095]: Received Master message: 03.04.0A.9B.69 (5)
[15:50:57][I][sicom:095]: Received Slave message: 03.19.10.A0.FF.FF.FF.EC.00.13.52.4D.00.00.00.00.34.00.FF.FF.FF.FF.FF.FF.3D.16 (26)
[15:50:57][I][sicom:095]: Received Master message: FA.04.31.CF.FF (5)
[15:50:57][I][sicom:095]: Received Master message: FA.04.31.CF.FF (5)
[15:50:57][I][sicom:095]: Received Master message: 01.05.0A.00.3F.02 (6)
[15:50:57][I][sicom:095]: Received Slave message: 01.14.03.A0.00.24.0A.1F.FF.FF.25.72.FF.FF.FF.FF.FF.FF.00.C1.77 (21)
[15:50:57][I][sicom:095]: Received Master message: 02.04.0A.5B.31 (5)
[15:50:57][I][sicom:095]: Received Slave message: 02.17.0E.A0.FF.FF.FF.FC.04.E8.3C.9D.00.08.69.00.0C.9D.28.90.28.90.3D.6D (24)
[15:50:57][I][sicom:095]: Received Master message: 03.04.0A.9B.69 (5)
[15:50:57][I][sicom:095]: Received Slave message: 03.19.10.A0.FF.FF.FF.EE.00.13.52.4D.00.00.00.00.34.00.FF.FF.FF.FF.FF.FF.89.39 (26)
[15:50:57][I][sicom:095]: Received Master message: 01.05.0A.00.3F.02 (6)
[15:50:57][I][sicom:095]: Received Slave message: 01.14.03.A0.00.24.0A.20.00.00.25.72.FF.FF.FF.FF.FF.FF.00.96.D3 (21)
[15:50:57][I][sicom:095]: Received Master message: 02.04.0A.5B.31 (5)
[15:50:57][I][sicom:095]: Received Slave message: 02.17.0E.A0.FF.FF.FF.FC.04.E8.3C.9D.00.08.69.00.0C.9D.28.90.28.90.3D.6D (24)
[15:50:57][I][sicom:095]: Received Master message: 03.04.0A.9B.69 (5)
[15:50:57][I][sicom:095]: Received Slave message: 03.19.10.A0.FF.FF.FF.EF.00.13.52.4D.00.00.00.00.34.00.FF.FF.FF.FF.FF.FF.5B.EA (26)
[15:50:57][I][sicom:095]: Received Master message: 01.05.0A.00.3F.02 (6)
[15:50:57][I][sicom:095]: Received Slave message: 01.14.03.A0.00.24.0A.20.00.00.25.72.FF.FF.FF.FF.FF.FF.00.96.D3 (21)
[15:50:57][I][sicom:095]: Received Master message: 02.04.0A.5B.31 (5)
[15:50:57][I][sicom:095]: Received Slave message: 02.17.0E.A0.FF.FF.FF.FC.04.E8.3C.9D.00.08.67.00.0C.9D.28.90.28.90.C6.98 (24)
[15:50:57][I][sicom:095]: Received Master message: 03.04.0A.9B.69 (5)
[15:50:57][I][sicom:095]: Received Slave message: 03.19.10.A0.FF.FF.FF.EF.00.13.52.4D.00.00.00.00.33.FE.FF.FF.FF.FF.FF.FF.1E.03 (26)
[15:50:58][I][sicom:095]: Received Master message: 01.05.0A.00.3F.02 (6)
[15:50:58][I][sicom:095]: Received Slave message: 01.14.03.A0.00.26.0A.1F.FF.FF.25.72.FF.FF.FF.FF.FF.FF.00.D2.55 (21)
[15:50:58][I][sicom:095]: Received Master message: 02.04.0A.5B.31 (5)
[15:50:58][I][sicom:095]: Received Slave message: 02.17.0E.A0.FF.FF.FF.FC.04.E8.3C.9D.00.08.66.00.0C.9D.28.90.28.90.5C.CF (24)
[15:50:58][I][sicom:095]: Received Master message: 03.04.0A.9B.69 (5)
[15:50:58][I][sicom:095]: Received Slave message: 03.19.10.A0.FF.FF.FF.F0.00.13.52.4D.00.00.00.00.33.FE.FF.FF.FF.FF.FF.FF.04.53 (26)
[15:50:58][I][sicom:095]: Received Master message: 01.05.0A.00.3F.02 (6)
[15:50:58][I][sicom:095]: Received Slave message: 01.14.03.A0.00.29.0A.1F.FF.FF.25.72.FF.FF.FF.FF.FF.FF.00.A2.2A (21)
[15:50:58][I][sicom:095]: Received Master message: 02.04.0A.5B.31 (5)
[15:50:58][I][sicom:095]: Received Slave message: 02.17.0E.A0.FF.FF.FF.FC.04.E8.3C.9D.00.08.66.00.0C.9C.28.90.28.90.AD.C0 (24)
[15:50:58][I][sicom:095]: Received Master message: 03.04.0A.9B.69 (5)
[15:50:58][I][sicom:095]: Received Slave message: 03.19.10.A0.FF.FF.FF.EF.00.13.52.4D.00.00.00.00.33.FE.FF.FF.FF.FF.FF.FF.1E.03 (26)
[15:50:58][I][sicom:095]: Received Master message: 01.05.0A.00.3F.02 (6)
[15:50:58][I][sicom:095]: Received Slave message: 01.14.03.A0.00.29.0A.1E.FF.FF.25.72.FF.FF.FF.FF.FF.FF.00.57.DE (21)
[15:50:58][I][sicom:095]: Received Master message: 02.04.0A.5B.31 (5)
[15:50:58][I][sicom:095]: Received Slave message: 02.17.0E.A0.FF.FF.FF.FC.04.E8.3C.9D.00.08.66.00.0C.9C.28.90.28.90.AD.C0 (24)
[15:50:58][I][sicom:095]: Received Master message: 03.04.0A.9B.69 (5)
[15:50:58][I][sicom:095]: Received Slave message: 03.19.10.A0.FF.FF.FF.EF.00.13.52.4D.00.00.00.00.33.FE.FF.FF.FF.FF.FF.FF.1E.03 (26)
[15:50:58][I][sicom:095]: Received Master message: 01.05.0A.00.3F.02 (6)
[15:50:58][I][sicom:095]: Received Slave message: 01.14.03.A0.00.28.0A.22.00.00.25.72.FF.FF.FF.FF.FF.FF.00.06.7E (21)
[15:50:58][I][sicom:095]: Received Master message: 02.04.0A.5B.31 (5)
[15:50:58][I][sicom:095]: Received Slave message: 02.17.0E.A0.FF.FF.FF.FC.04.E8.3C.9D.00.08.66.00.0C.9D.28.90.28.90.5C.CF (24)
[15:50:58][I][sicom:095]: Received Master message: 03.04.0A.9B.69 (5)
[15:50:58][I][sicom:095]: Received Slave message: 03.19.10.A0.FF.FF.FF.EF.00.13.52.4D.00.00.00.00.33.FE.FF.FF.FF.FF.FF.FF.1E.03 (26)
[15:50:58][I][sicom:095]: Received Master message: 01.05.0A.00.3F.02 (6)
[15:50:58][I][sicom:095]: Received Slave message: 01.14.03.A0.00.26.0A.2A.00.00.25.72.FF.FF.FF.FF.FF.FF.00.A4.8F (21)
[15:50:58][I][sicom:095]: Received Master message: 02.0A.5B.31.02.17.0E.A0.FF.FF.FF (11)
[15:50:58][W][sicom:097]: CRC error, 4B6D != 0000
[15:50:58][I][sicom:095]: Received Slave message: FC.04.E8.3C.9D (5)
[15:50:58][W][sicom:097]: CRC error, 0082 != 0000
[15:50:58][I][sicom:095]: Received Slave message: 00.08.69.00.0C.9D.28.90.28 (9)
[15:50:58][W][sicom:097]: CRC error, 1E4D != 0000
[15:50:58][I][sicom:095]: Received Master message: 03.04.0A.9B.69 (5)
[15:50:58][I][sicom:095]: Received Slave message: 03.19.10.A0.FF.FF.FF.EF.00.13.52.4D.00.00.00.00.34.02.FF.FF.FF.FF.FF.FF.01.4D (26)
[15:50:58][I][sicom:095]: Received Master message: 01.05.0A.00.3F.02 (6)
[15:50:58][I][sicom:095]: Received Slave message: 01.14.03.A0.00.24.0A.2B.FF.FF.25.72.FF.FF.FF.FF.FF.FF.00.DD.6C (21)
[15:50:58][I][sicom:095]: Received Master message: 02.04.0A.5B.31 (5)
[15:50:58][I][sicom:095]: Received Slave message: 02.17.0E.A0.FF.FF.FF.FC.04.E8.3C.9D.00.08.69.00.0C.9D.28.90.28.90.3D.6D (24)
[15:50:58][I][sicom:095]: Received Master message: 03.04.0A.9B.69 (5)
[15:50:58][I][sicom:095]: Received Slave message: 03.19.10.A0.FF.FF.FF.EF.00.13.52.4D.00.00.00.00.34.02.FF.FF.FF.FF.FF.FF.01.4D (26)
[15:50:58][I][sicom:095]: Received Master message: 01.05.0A.00.3F.02 (6)
[15:50:58][I][sicom:095]: Received Slave message: 01.14.03.A0.00.24.0A.28.FF.FF.25.72.FF.FF.FF.FF.FF.FF.00.D2.F9 (21)
[15:50:58][I][sicom:095]: Received Master message: 02.04.0A.5B.31 (5)
[15:50:58][I][sicom:095]: Received Slave message: 02.17.0E.A0.FF.FF.FF.FC.04.E8.3C.9D.00.08.6B.00.0C.9D.28.90.28.90.18.4A (24)
[15:50:58][I][sicom:095]: Received Master message: 03.04.0A.9B.69 (5)
[15:50:58][I][sicom:095]: Received Slave message: 03.19.10.A0.FF.FF.FF.ED.00.13.52.4D.00.00.00.00.34.02.FF.FF.FF.FF.FF.FF.B5.62 (26)
[15:50:58][I][sicom:095]: Received Master message: FA.04.31.CF.FF (5)
[15:50:58][I][sicom:095]: Received Master message: FA.04.31.CF.FF (5)
[15:50:58][I][sicom:095]: Received Master message: 01.05.0A.00.3F.02 (6)
[15:50:58][I][sicom:095]: Received Slave message: 01.14.03.A0.00.24.0A.25.FF.FF.25.72.FF.FF.FF.FF.FF.FF.00.19.59 (21)
[15:50:58][I][sicom:095]: Received Master message: 02.04.0A.5B.31 (5)
[15:50:58][I][sicom:095]: Received Slave message: 02.17.0E.A0.FF.FF.FF.FC.04.E8.3C.9D.00.08.6A.00.0C.9D.28.90.28.90.82.1D (24)
[15:50:58][I][sicom:095]: Received Master message: 03.04.0A.9B.69 (5)
[15:50:58][I][sicom:095]: Received Slave message: 03.19.10.A0.FF.FF.FF.EC.00.13.52.4D.00.00.00.00.34.02.FF.FF.FF.FF.FF.FF.67.B1 (26)
[15:50:58][I][sicom:095]: Received Master message: 01.05.0A.00.3F.02 (6)
[15:50:58][I][sicom:095]: Received Slave message: 01.14.03.A0.00.24.0A.20.FF.FF.25.72.FF.FF.FF.FF.FF.FF.00.09.E6 (21)
[15:50:58][I][sicom:095]: Received Master message: 02.04.0A.5B.31 (5)
[15:50:58][I][sicom:095]: Received Slave message: 02.17.0E.A0.FF.FF.FF.FC.04.E8.3C.9D.00.08.6A.00.0C.9D.28.90.28.90.82.1D (24)
[15:50:58][I][sicom:095]: Received Master message: 03.04.0A.9B.69 (5)
[15:50:58][I][sicom:095]: Received Slave message: 03.19.10.A0.FF.FF.FF.EB.00.13.52.4D.00.00.00.00.34.02.FF.FF.FF.FF.FF.FF.78.9A (26)
[15:50:58][I][sicom:095]: Received Master message: 01.05.0A.00.3F.02 (6)
[15:50:58][I][sicom:095]: Received Slave message: 01.14.03.A0.00.26.0A.1D.FF.FF.25.72.FF.FF.FF.FF.FF.FF.00.28.34 (21)
[15:50:58][I][sicom:095]: Received Master message: 02.04.0A.5B.31 (5)
[15:50:58][I][sicom:095]: Received Slave message: 02.17.0E.A0.FF.FF.FF.FC.04.E8.3C.9D.00.08.69.00.0C.9D.28.90.28.90.3D.6D (24)
[15:50:58][I][sicom:095]: Received Master message: 03.04.0A.9B.69 (5)
[15:50:58][I][sicom:095]: Received Slave message: 03.19.10.A0.FF.FF.FF.EC.00.13.52.4D.00.00.00.00.34.08.FF.FF.FF.FF.FF.FF.46.03 (26)
[15:50:59][I][sicom:095]: Received Master message: 01.05.0A.00.3F.02 (6)
[15:50:59][I][sicom:095]: Received Slave message: 01.14.03.A0.00.28.0A.1E.00.00.25.72.FF.FF.FF.FF.FF.FF.00.C1.7A (21)
[15:50:59][I][sicom:095]: Received Master message: 02.04.0A.5B.31 (5)
[15:50:59][I][sicom:095]: Received Slave message: 02.17.0E.A0.FF.FF.FF.FC.04.E8.3C.9D.00.08.69.00.0C.9D.28.90.28.90.3D.6D (24)
[15:50:59][I][sicom:095]: Received Master message: 03.04.0A.9B.69 (5)
[15:50:59][I][sicom:095]: Received Slave message: 03.19.10.A0.FF.FF.FF.ED.00.13.52.4D.00.00.00.00.34.08.FF.FF.FF.FF.FF.FF.94.D0 (26)
[15:50:59][I][sicom:095]: Received Master message: 01.05.0A.00.3F.02 (6)
[15:50:59][I][sicom:095]: Received Slave message: 01.14.03.A0.00.25.0A.23.FF.FF.25.72.FF.FF.FF.FF.FF.FF.00.0F.E2 (21)
[15:50:59][I][sicom:095]: Received Master message: 02.04.0A.5B.31 (5)
[15:50:59][I][sicom:095]: Received Slave message: 02.17.0E.A0.FF.FF.FF.FC.04.E8.3C.9D.00.08.68.00.0C.9C.28.90.28.90.56.35 (24)
[15:50:59][I][sicom:095]: Received Master message: 03.04.0A.9B.69 (5)
[15:50:59][I][sicom:095]: Received Slave message: 03.19.10.A0.FF.FF.FF.EE.00.13.52.4D.00.00.00.00.34.06.FF.FF.FF.FF.FF.FF.66.D0 (26)
[15:50:59][I][sicom:095]: Received Master message: 01.05.0A.00.3F.02 (6)
[15:50:59][I][sicom:095]: Received Slave message: 01.14.03.A0.00.24.0A.26.00.00.25.72.FF.FF.FF.FF.FF.FF.00.89.F9 (21)
[15:50:59][I][sicom:095]: Received Master message: 02.04.0A.5B.31 (5)
[15:50:59][I][sicom:095]: Received Slave message: 02.17.0E.A0.FF.FF.FF.FC.04.E8.3C.9D.00.08.68.00.0C.9C.28.90.28.90.56.35 (24)
[15:50:59][I][sicom:095]: Received Master message: 03.04.0A.9B.69 (5)
[15:50:59][I][sicom:095]: Received Slave message: 03.19.10.A0.FF.FF.FF.EF.00.13.52.4D.00.00.00.00.34.06.FF.FF.FF.FF.FF.FF.B4.03 (26)
[15:50:59][I][sicom:095]: Received Master message: 01.05.0A.00.3F.02 (6)
[15:50:59][I][sicom:095]: Received Slave message: 01.14.03.A0.00.24.0A.26.FF.FF.25.72.FF.FF.FF.FF.FF.FF.00.16.CC (21)
[15:50:59][I][sicom:095]: Received Master message: 02.04.0A.5B.31 (5)
[15:50:59][I][sicom:095]: Received Slave message: 02.17.0E.A0.FF.FF.FF.FC.04.E8.3C.9D.00.08.66.00.0C.9C.28.90.28.90.AD.C0 (24)
[15:50:59][I][sicom:095]: Received Master message: 03.04.0A.9B.69 (5)
[15:50:59][I][sicom:095]: Received Slave message: 03.19.10.A0.FF.FF.FF.EF.00.13.52.4D.00.00.00.00.34.06.FF.FF.FF.FF.FF.FF.B4.03 (26)
[15:50:59][I][sicom:095]: Received Master message: 01.05.0A.00.3F.02 (6)
[15:50:59][I][sicom:095]: Received Slave message: 01.14.03.A0.00.24.0A.26.FF.FF.25.72.FF.FF.FF.FF.FF.FF.00.16.CC (21)
[15:50:59][I][sicom:095]: Received Master message: 02.04.0A.5B.31 (5)
[15:50:59][I][sicom:095]: Received Slave message: 02.17.0E.A0.FF.FF.FF.FC.04.E8.3C.9D.00.08.66.00.0C.9C.28.90.28.90.AD.C0 (24)
[15:50:59][I][sicom:095]: Received Master message: 03.04.0A.9B.69 (5)
[15:50:59][I][sicom:095]: Received Slave message: 03.19.10.A0.FF.FF.FF.EE.00.13.52.4D.00.00.00.00.34.00.FF.FF.FF.FF.FF.FF.89.39 (26)
[15:50:59][I][sicom:095]: Received Master message: 01.05.0A.00.3F.02 (6)
[15:50:59][I][sicom:095]: Received Slave message: 01.14.03.A0.00.24.0A.22.FF.FF.25.72.FF.FF.FF.FF.FF.FF.00.F3.87 (21)
[15:50:59][I][sicom:095]: Received Master message: 02.04.0A.5B.31 (5)
[15:50:59][I][sicom:095]: Received Slave message: 02.17.0E.A0.FF.FF.FF.FC.04.E8.3C.9D.00.08.65.00.0C.9D.28.90.28.90.E3.BF (24)
[15:50:59][I][sicom:095]: Received Master message: 03.04.0A.9B.69 (5)
[15:50:59][I][sicom:095]: Received Slave message: 03.19.10.A0.FF.FF.FF.EE.00.13.52.4D.00.00.00.00.34.00.FF.FF.FF.FF.FF.FF.89.39 (26)
[15:50:59][I][sicom:095]: Received Master message: 01.05.0A.00.3F.02 (6)
[15:50:59][I][sicom:095]: Received Slave message: 01.14.03.A0.00.24.0A.1F.FF.FF.25.72.FF.FF.FF.FF.FF.FF.00.C1.77 (21)
[15:50:59][I][sicom:095]: Received Master message: 02.04.0A.5B.31 (5)
[15:50:59][I][sicom:095]: Received Slave message: 02.17.0E.A0.FF.FF.FF.FC.04.E8.3C.9D.00.08.64.00.0C.9D.28.90.28.90.79.E8 (24)
[15:50:59][I][sicom:095]: Received Master message: 03.04.0A.9B.69 (5)
[15:50:59][I][sicom:095]: Received Slave message: 03.19.10.A0.FF.FF.FF.ED.00.13.52.4D.00.00.00.00.33.FE.FF.FF.FF.FF.FF.FF.AA.2C (26)
[15:50:59][I][sicom:095]: Received Master message: FA.04.31.CF.FF (5)
[15:50:59][I][sicom:095]: Received Master message: FA.04.31.CF.FF (5)
[15:50:59][I][sicom:095]: Received Master message: 01.05.0A.00.3F.02 (6)
[15:50:59][I][sicom:095]: Received Slave message: 01.14.03.A0.00.24.0A.22.00.00.25.72.FF.FF.FF.FF.FF.FF.00.6C.B2 (21)
[15:50:59][I][sicom:095]: Received Master message: 02.04.0A.5B.31 (5)
[15:50:59][I][sicom:095]: Received Slave message: 02.17.0E.A0.FF.FF.FF.FC.04.E8.3C.9D.00.08.64.00.0C.9D.28.90.28.90.79.E8 (24)
[15:50:59][I][sicom:095]: Received Master message: 03.04.0A.9B.69 (5)
[15:50:59][I][sicom:095]: Received Slave message: 03.19.10.A0.FF.FF.FF.EB.00.13.52.4D.00.00.00.00.33.FE.FF.FF.FF.FF.FF.FF.67.D4 (26)
[15:50:59][I][sicom:095]: Received Master message: 01.05.0A.00.3F.02 (6)
[15:50:59][I][sicom:095]: Received Slave message: 01.14.03.A0.00.24.0A.25.FF.FF.25.72.FF.FF.FF.FF.FF.FF.00.19.59 (21)
[15:50:59][I][sicom:095]: Received Master message: 02.04.0A.5B.31 (5)
[15:50:59][I][sicom:095]: Received Slave message: 02.17.0E.A0.FF.FF.FF.FC.04.E8.3C.9D.00.08.64.00.0C.9D.28.90.28.90.79.E8 (24)
[15:50:59][I][sicom:095]: Received Master message: 03.04.0A.9B.69 (5)
[15:50:59][I][sicom:095]: Received Slave message: 03.19.10.A0.FF.FF.FF.EB.00.13.52.4D.00.00.00.00.33.FE.FF.FF.FF.FF.FF.FF.67.D4 (26)
[15:50:59][I][sicom:095]: Received Master message: 01.05.0A.00.3F.02 (6)
[15:50:59][I][sicom:095]: Received Slave message: 01.14.03.A0.00.24.0A.2A.FF.FF.25.72.FF.FF.FF.FF.FF.FF.00.28.98 (21)
[15:50:59][I][sicom:095]: Received Master message: 02.04.0A.5B.31 (5)
[15:50:59][I][sicom:095]: Received Slave message: 02.17.0E.A0.FF.FF.FF.FC.04.E8.3C.9D.00.08.64.00.0C.9F.28.90.28.90.8A.7F (24)
[15:50:59][I][sicom:095]: Received Master message: 03.04.0A.9B.69 (5)
[15:50:59][I][sicom:095]: Received Slave message: 03.19.10.A0.FF.FF.FF.EB.00.13.52.4D.00.00.00.00.33.F9.FF.FF.FF.FF.FF.FF.2D.AA (26)
[15:51:00][I][sicom:095]: Received Master message: 01.05.0A.00.3F.02 (6)
[15:51:00][I][sicom:095]: Received Slave message: 01.14.03.A0.00.24.0A.2B.FF.FF.25.72.FF.FF.FF.FF.FF.FF.00.DD.6C (21)
[15:51:00][I][sicom:095]: Received Master message: 02.04.0A.5B.31 (5)
[15:51:00][I][sicom:095]: Received Slave message: 02.17.0E.A0.FF.FF.FF.FC.04.E8.3C.9D.00.08.66.00.0C.9E.28.90.28.90.5E.57 (24)
[15:51:00][I][sicom:095]: Received Master message: 03.04.0A.9B.69 (5)
[15:51:00][I][sicom:095]: Received Slave message: 03.19.10.A0.FF.FF.FF.EC.00.13.52.4D.00.00.00.00.33.F9.FF.FF.FF.FF.FF.FF.32.81 (26)
[15:51:00][I][sicom:095]: Received Master message: 01.05.0A.00.3F.02 (6)
[15:51:00][I][sicom:095]: Received Slave message: 01.14.03.A0.00.24.0A.27.00.00.25.72.FF.FF.FF.FF.FF.FF.00.7C.0D (21)
[15:51:00][I][sicom:095]: Received Master message: 02.0A.5B.31.02.17.0E.A0.FF.FF.FF (11)
[15:51:00][W][sicom:097]: CRC error, 4B6D != 0000
[15:51:00][I][sicom:095]: Received Slave message: FC.04.E8.3C.9D (5)
[15:51:00][W][sicom:097]: CRC error, 0082 != 0000
[15:51:00][I][sicom:095]: Received Slave message: 00.08.66.00.0C.9E.28.90.28 (9)
[15:51:00][W][sicom:097]: CRC error, 72D2 != 0000
[15:51:00][I][sicom:095]: Received Master message: 03.04.0A.9B.69 (5)
[15:51:00][I][sicom:095]: Received Slave message: 03.19.10.A0.FF.FF.FF.EE.00.13.52.4D.00.00.00.00.33.FA.FF.FF.FF.FF.FF.FF.79.9E (26)
[15:51:00][I][sicom:095]: Received Master message: 01.05.0A.00.3F.02 (6)
[15:51:00][I][sicom:095]: Received Slave message: 01.14.03.A0.00.24.0A.20.FF.FF.25.72.FF.FF.FF.FF.FF.FF.00.09.E6 (21)
[15:51:00][I][sicom:095]: Received Master message: 02.04.0A.5B.31 (5)
[15:51:00][I][sicom:095]: Received Slave message: 02.17.0E.A0.FF.FF.FF.FC.04.E8.3C.9D.00.08.67.00.0C.9D.28.90.28.90.C6.98 (24)
[15:51:00][I][sicom:095]: Received Master message: 03.04.0A.9B.69 (5)
[15:51:00][I][sicom:095]: Received Slave message: 03.19.10.A0.FF.FF.FF.EE.00.13.52.4D.00.00.00.00.33.FA.FF.FF.FF.FF.FF.FF.79.9E (26)
[15:51:00][I][sicom:095]: Received Master message: 01.05.0A.00.3F.02 (6)
[15:51:00][I][sicom:095]: Received Slave message: 01.14.03.A0.00.26.0A.1A.FF.FF.25.72.FF.FF.FF.FF.FF.FF.00.C2.EA (21)
[15:51:00][I][sicom:095]: Received Master message: 02.04.0A.5B.31 (5)
[15:51:00][I][sicom:095]: Received Slave message: 02.17.0E.A0.FF.FF.FF.FC.04.E8.3C.9D.00.08.68.00.0C.9D.28.90.28.90.A7.3A (24)
[15:51:00][I][sicom:095]: Received Master message: 03.04.0A.9B.69 (5)
[15:51:00][I][sicom:095]: Received Slave message: 03.19.10.A0.FF.FF.FF.EE.00.13.52.4D.00.00.00.00.33.FE.FF.FF.FF.FF.FF.FF.CC.D0 (26)
[15:51:00][I][sicom:095]: Received Master message: 01.05.0A.00.3F.02 (6)
[15:51:00][I][sicom:095]: Received Slave message: 01.14.03.A0.00.26.0A.1A.FF.FF.25.72.FF.FF.FF.FF.FF.FF.00.C2.EA (21)
[15:51:00][I][sicom:095]: Received Master message: 02.04.0A.5B.31 (5)
[15:51:00][I][sicom:095]: Received Slave message: 02.17.0E.A0.FF.FF.FF.FC.04.E8.3C.9D.00.08.68.00.0C.9D.28.90.28.90.A7.3A (24)
[15:51:00][I][sicom:095]: Received Master message: 03.04.0A.9B.69 (5)
[15:51:00][I][sicom:095]: Received Slave message: 03.19.10.A0.FF.FF.FF.EE.00.13.52.4D.00.00.00.00.33.FE.FF.FF.FF.FF.FF.FF.CC.D0 (26)
[15:51:00][I][sicom:095]: Received Master message: 01.05.0A.00.3F.02 (6)
[15:51:00][I][sicom:095]: Received Slave message: 01.14.03.A0.00.24.0A.1F.FF.FF.25.72.FF.FF.FF.FF.FF.FF.00.C1.77 (21)
[15:51:00][I][sicom:095]: Received Master message: 02.04.0A.5B.31 (5)
[15:51:00][I][sicom:095]: Received Slave message: 02.17.0E.A0.FF.FF.FF.FC.04.E8.3C.9D.00.08.69.00.0C.9D.28.90.28.90.3D.6D (24)
[15:51:00][I][sicom:095]: Received Master message: 03.04.0A.9B.69 (5)
[15:51:00][I][sicom:095]: Received Slave message: 03.19.10.A0.FF.FF.FF.EE.00.13.52.4D.00.00.00.00.33.FE.FF.FF.FF.FF.FF.FF.CC.D0 (26)
[15:51:00][I][sicom:095]: Received Master message: 01.05.0A.00.3F.02 (6)
[15:51:00][I][sicom:095]: Received Slave message: 01.14.03.A0.00.24.0A.24.00.00.25.72.FF.FF.FF.FF.FF.FF.00.73.98 (21)
[15:51:00][I][sicom:095]: Received Master message: 02.04.0A.5B.31 (5)
[15:51:00][I][sicom:095]: Received Slave message: 02.17.0E.A0.FF.FF.FF.FC.04.E8.3C.9D.00.08.69.00.0C.9B.28.90.28.90.38.5D (24)
[15:51:00][I][sicom:095]: Received Master message: 03.04.0A.9B.69 (5)
[15:51:00][I][sicom:095]: Received Slave message: 03.19.10.A0.FF.FF.FF.ED.00.13.52.4D.00.00.00.00.33.FD.FF.FF.FF.FF.FF.FF.55.1C (26)
[15:51:00][I][sicom:095]: Received Master message: FA.04.31.CF.FF (5)
[15:51:00][I][sicom:095]: Received Master message: FA.04.31.CF.FF (5)
[15:51:00][I][sicom:095]: Received Master message: 01.05.0A.00.3F.02 (6)
[15:51:00][I][sicom:095]: Received Slave message: 01.14.03.A0.00.24.0A.29.FF.FF.25.72.FF.FF.FF.FF.FF.FF.00.27.0D (21)
[15:51:00][I][sicom:095]: Received Master message: 02.04.0A.5B.31 (5)
[15:51:00][I][sicom:095]: Received Slave message: 02.17.0E.A0.FF.FF.FF.FC.04.E8.3C.9D.00.08.6A.00.0C.9C.28.90.28.90.73.12 (24)
[15:51:00][I][sicom:095]: Received Master message: 03.04.0A.9B.69 (5)
[15:51:00][I][sicom:095]: Received Slave message: 03.19.10.A0.FF.FF.FF.EB.00.13.52.4C.00.00.00.00.33.FD.FF.FF.FF.FF.FF.FF.4C.CE (26)
[15:51:00][I][sicom:095]: Received Master message: 01.05.0A.00.3F.02 (6)
[15:51:00][I][sicom:095]: Received Slave message: 01.14.03.A0.00.24.0A.2B.00.00.25.72.FF.FF.FF.FF.FF.FF.00.42.59 (21)
[15:51:00][I][sicom:095]: Received Master message: 02.04.0A.5B.31 (5)
[15:51:00][I][sicom:095]: Received Slave message: 02.17.0E.A0.FF.FF.FF.FB.04.E8.3C.9D.00.08.6A.00.0C.9C.28.90.28.90.55.55 (24)
[15:51:00][I][sicom:095]: Received Master message: 03.04.0A.9B.69 (5)
[15:51:00][I][sicom:095]: Received Slave message: 03.19.10.A0.FF.FF.FF.EA.00.13.52.4C.00.00.00.00.33.FE.FF.FF.FF.FF.FF.FF.61.2D (26)
[15:51:00][I][sicom:095]: Received Master message: 01.05.0A.00.3F.02 (6)
[15:51:00][I][sicom:095]: Received Slave message: 01.14.03.A0.00.25.0A.28.FF.FF.25.72.FF.FF.FF.FF.FF.FF.00.DB.68 (21)
[15:51:00][I][sicom:095]: Received Master message: 02.04.0A.5B.31 (5)
[15:51:00][I][sicom:095]: Received Slave message: 02.17.0E.A0.FF.FF.FF.FC.04.E8.3C.9D.00.08.6A.00.0C.99.28.90.28.90.74.BA (24)
[15:51:00][I][sicom:095]: Received Master message: 03.04.0A.9B.69 (5)
[15:51:00][I][sicom:095]: Received Slave message: 03.19.10.A0.FF.FF.FF.EA.00.13.52.4C.00.00.00.00.33.FE.FF.FF.FF.FF.FF.FF.61.2D (26)
[15:51:01][I][sicom:095]: Received Master message: 01.05.0A.00.3F.02 (6)
[15:51:01][I][sicom:095]: Received Slave message: 01.14.03.A0.00.28.0A.24.FF.FF.25.72.FF.FF.FF.FF.FF.FF.00.86.61 (21)
[15:51:01][I][sicom:095]: Received Master message: 02.04.0A.5B.31 (5)
[15:51:01][I][sicom:095]: Received Slave message: 02.17.0E.A0.FF.FF.FF.FC.04.E8.3C.9D.00.08.6A.00.0C.99.28.90.28.90.74.BA (24)
[15:51:01][I][sicom:095]: Received Master message: 03.04.0A.9B.69 (5)
[15:51:01][I][sicom:095]: Received Slave message: 03.19.10.A0.FF.FF.FF.EC.00.13.52.4C.00.00.00.00.33.FE.FF.FF.FF.FF.FF.FF.AC.D5 (26)
[15:51:01][I][sicom:095]: Received Master message: 01.05.0A.00.3F.02 (6)
[15:51:01][I][sicom:095]: Received Slave message: 01.14.03.A0.00.29.0A.23.FF.FF.25.72.FF.FF.FF.FF.FF.FF.00.65.2E (21)
[15:51:01][I][sicom:095]: Received Master message: 02.04.0A.5B.31 (5)
[15:51:01][I][sicom:095]: Received Slave message: 02.17.0E.A0.FF.FF.FF.FC.04.E8.3C.9D.00.08.6A.00.0C.9B.28.90.28.90.87.2D (24)
[15:51:01][I][sicom:095]: Received Master message: 03.04.0A.9B.69 (5)
[15:51:01][I][sicom:095]: Received Slave message: 03.19.10.A0.FF.FF.FF.ED.00.13.52.4C.00.00.00.00.33.FD.FF.FF.FF.FF.FF.FF.81.36 (26)
[15:51:01][I][sicom:095]: Received Master message: 01.05.0A.00.3F.02 (6)
[15:51:01][I][sicom:095]: Received Slave message: 01.14.03.A0.00.28.0A.23.FF.FF.25.72.FF.FF.FF.FF.FF.FF.00.6C.BF (21)
[15:51:01][I][sicom:095]: Received Master message: 02.04.0A.5B.31 (5)
[15:51:01][I][sicom:095]: Received Slave message: 02.17.0E.A0.FF.FF.FF.FC.04.E8.3C.9D.00.08.69.00.0C.9B.28.90.28.90.38.5D (24)
[15:51:01][I][sicom:095]: Received Master message: 03.04.0A.9B.69 (5)
[15:51:01][I][sicom:095]: Received Slave message: 03.19.10.A0.FF.FF.FF.EE.00.13.52.4C.00.00.00.00.33.FD.FF.FF.FF.FF.FF.FF.E7.CA (26)
[15:51:01][I][sicom:095]: Received Master message: 01.05.0A.00.3F.02 (6)
[15:51:01][I][sicom:095]: Received Slave message: 01.14.03.A0.00.27.0A.24.FF.FF.25.72.FF.FF.FF.FF.FF.FF.00.F6.1E (21)
[15:51:01][I][sicom:095]: Received Master message: 02.04.0A.5B.31 (5)
[15:51:01][I][sicom:095]: Received Slave message: 02.17.0E.A0.FF.FF.FF.FC.04.E8.3C.9D.00.08.69.00.0C.9B.28.90.28.90.38.5D (24)
[15:51:01][I][sicom:095]: Received Master message: 03.04.0A.9B.69 (5)
[15:51:01][I][sicom:095]: Received Slave message: 03.19.10.A0.FF.FF.FF.EE.00.13.52.4C.00.00.00.00.33.FC.FF.FF.FF.FF.FF.FF.42.5D (26)
[15:51:01][I][sicom:095]: Received Master message: 01.05.0A.00.3F.02 (6)
[15:51:01][I][sicom:095]: Received Slave message: 01.14.03.A0.00.25.0A.23.FF.FF.25.72.FF.FF.FF.FF.FF.FF.00.0F.E2 (21)
[15:51:01][I][sicom:095]: Received Master message: 02.04.0A.5B.31 (5)
[15:51:01][I][sicom:095]: Received Slave message: 02.17.0E.A0.FF.FF.FF.FC.04.E8.3C.9D.00.08.68.00.0C.9B.28.90.28.90.A2.0A (24)
[15:51:01][I][sicom:095]: Received Master message: 03.04.0A.9B.69 (5)
[15:51:01][I][sicom:095]: Received Slave message: 03.19.10.A0.FF.FF.FF.ED.00.13.52.4C.00.00.00.00.33.FC.FF.FF.FF.FF.FF.FF.24.A1 (26)
[15:51:01][I][sicom:095]: Received Master message: 01.05.0A.00.3F.02 (6)
[15:51:01][I][sicom:095]: Received Slave message: 01.14.03.A0.00.24.0A.20.FF.FF.25.72.FF.FF.FF.FF.FF.FF.00.09.E6 (21)
[15:51:01][I][sicom:095]: Received Master message: 02.04.0A.5B.31 (5)
[15:51:01][I][sicom:095]: Received Slave message: 02.17.0E.A0.FF.FF.FF.FC.04.E8.3C.9D.00.08.68.00.0C.9B.28.90.28.90.A2.0A (24)
[15:51:01][I][sicom:095]: Received Master message: 03.04.0A.9B.69 (5)
[15:51:01][I][sicom:095]: Received Slave message: 03.19.10.A0.FF.FF.FF.ED.00.13.52.4C.00.00.00.00.33.FC.FF.FF.FF.FF.FF.FF.24.A1 (26)
[15:51:01][I][sicom:095]: Received Master message: 01.05.0A.00.3F.02 (6)
[15:51:01][I][sicom:095]: Received Slave message: 01.14.03.A0.00.24.0A.1F.FF.FF.25.72.FF.FF.FF.FF.FF.FF.00.C1.77 (21)
[15:51:01][I][sicom:095]: Received Master message: 02.04.0A.5B.31 (5)
[15:51:01][I][sicom:095]: Received Slave message: 02.17.0E.A0.FF.FF.FF.FC.04.E8.3C.9D.00.08.67.00.0C.9E.28.90.28.90.C4.00 (24)
[15:51:01][I][sicom:095]: Received Master message: 03.04.0A.9B.69 (5)
[15:51:01][I][sicom:095]: Received Slave message: 03.19.10.A0.FF.FF.FF.ED.00.13.52.4C.00.00.00.00.33.FD.FF.FF.FF.FF.FF.FF.81.36 (26)
[15:51:01][I][sicom:095]: Received Master message: FA.04.31.CF.FF (5)
[15:51:01][I][sicom:095]: Received Master message: FA.04.31.CF.FF (5)
[15:51:01][I][sicom:095]: Received Master message: 01.05.0A.00.3F.02 (6)
[15:51:01][I][sicom:095]: Received Slave message: 01.14.03.A0.00.24.0A.1E.FF.FF.25.72.FF.FF.FF.FF.FF.FF.00.34.83 (21)
[15:51:01][I][sicom:095]: Received Master message: 02.04.0A.5B.31 (5)
[15:51:01][I][sicom:095]: Received Slave message: 02.17.0E.A0.FF.FF.FF.FC.04.E8.3C.9D.00.08.64.00.0C.9E.28.90.28.90.7B.70 (24)
[15:51:01][I][sicom:095]: Received Master message: 03.04.0A.9B.69 (5)
[15:51:01][I][sicom:095]: Received Slave message: 03.19.10.A0.FF.FF.FF.EC.00.13.52.4C.00.00.00.00.33.FD.FF.FF.FF.FF.FF.FF.53.E5 (26)
[15:51:01][I][sicom:095]: Received Master message: 01.05.0A.00.3F.02 (6)
[15:51:01][I][sicom:095]: Received Slave message: 01.14.03.A0.00.24.0A.20.FF.FF.25.72.FF.FF.FF.FF.FF.FF.00.09.E6 (21)
[15:51:01][I][sicom:095]: Received Master message: 02.0A.5B.31.02.17.0E.A0.FF.FF.FF (11)
[15:51:01][W][sicom:097]: CRC error, 4B6D != 0000
[15:51:01][I][sicom:095]: Received Slave message: FC.04.E8.3C.9D (5)
[15:51:01][W][sicom:097]: CRC error, 0082 != 0000
[15:51:01][I][sicom:095]: Received Slave message: 00.08.64.00.0C.9C.28.90.28 (9)
[15:51:01][W][sicom:097]: CRC error, 412D != 0000
[15:51:01][I][sicom:095]: Received Master message: 03.04.0A.9B.69 (5)
[15:51:01][I][sicom:095]: Received Slave message: 03.19.10.A0.FF.FF.FF.EC.00.13.52.4C.00.00.00.00.33.FB.FF.FF.FF.FF.FF.FF.BC.0C (26)
[15:51:01][I][sicom:095]: Received Master message: 01.05.0A.00.3F.02 (6)
[15:51:01][I][sicom:095]: Received Slave message: 01.14.03.A0.00.25.0A.26.00.00.25.72.FF.FF.FF.FF.FF.FF.00.80.68 (21)
[15:51:01][I][sicom:095]: Received Master message: 02.04.0A.5B.31 (5)
[15:51:01][I][sicom:095]: Received Slave message: 02.17.0E.A0.FF.FF.FF.FC.04.E8.3C.9D.00.08.64.00.0C.9C.28.90.28.90.88.E7 (24)
[15:51:01][I][sicom:095]: Received Master message: 03.04.0A.9B.69 (5)
[15:51:01][I][sicom:095]: Received Slave message: 03.19.10.A0.FF.FF.FF.EB.00.13.52.4C.00.00.00.00.33.FB.FF.FF.FF.FF.FF.FF.A3.27 (26)
[15:51:02][I][sicom:095]: Received Master message: 01.05.0A.00.3F.02 (6)
[15:51:02][I][sicom:095]: Received Slave message: 01.14.03.A0.00.25.0A.29.00.00.25.72.FF.FF.FF.FF.FF.FF.00.B1.A9 (21)
[15:51:02][I][sicom:095]: Received Master message: 02.04.0A.5B.31 (5)
[15:51:02][I][sicom:095]: Received Slave message: 02.17.0E.A0.FF.FF.FF.FC.04.E8.3C.9D.00.08.64.00.0C.9F.28.90.28.90.8A.7F (24)
[15:51:02][I][sicom:095]: Received Master message: 03.04.0A.9B.69 (5)
[15:51:02][I][sicom:095]: Received Slave message: 03.19.10.A0.FF.FF.FF.E9.00.13.52.4C.00.00.00.00.33.FB.FF.FF.FF.FF.FF.FF.17.08 (26)
[15:51:02][I][sicom:095]: Received Master message: 01.05.0A.00.3F.02 (6)
[15:51:02][I][sicom:095]: Received Slave message: 01.14.03.A0.00.23.0A.2A.FF.FF.25.72.FF.FF.FF.FF.FF.FF.00.14.6F (21)
[15:51:02][I][sicom:095]: Received Master message: 02.04.0A.5B.31 (5)
[15:51:02][I][sicom:095]: Received Slave message: 02.17.0E.A0.FF.FF.FF.FC.04.E8.3C.9D.00.08.64.00.0C.9F.28.90.28.90.8A.7F (24)
[15:51:02][I][sicom:095]: Received Master message: 03.04.0A.9B.69 (5)
[15:51:02][I][sicom:095]: Received Slave message: 03.19.10.A0.FF.FF.FF.EF.00.13.52.4C.00.00.00.00.33.FD.FF.FF.FF.FF.FF.FF.35.19 (26)
[15:51:02][I][sicom:095]: Received Master message: 01.05.0A.00.3F.02 (6)
[15:51:02][I][sicom:095]: Received Slave message: 01.14.03.A0.00.24.0A.28.FF.FF.25.72.FF.FF.FF.FF.FF.FF.00.D2.F9 (21)
[15:51:02][I][sicom:095]: Received Master message: 02.04.0A.5B.31 (5)
[15:51:02][I][sicom:095]: Received Slave message: 02.17.0E.A0.FF.FF.FF.FC.04.E8.3C.9D.00.08.64.00.0C.9E.28.90.28.90.7B.70 (24)
[15:51:02][I][sicom:095]: Received Master message: 03.04.0A.9B.69 (5)
[15:51:02][I][sicom:095]: Received Slave message: 03.19.10.A0.FF.FF.FF.FD.00.13.52.4C.00.00.00.00.33.FD.FF.FF.FF.FF.FF.FF.77.E3 (26)
[15:51:02][I][sicom:095]: Received Master message: 01.05.0A.00.3F.02 (6)
[15:51:02][I][sicom:095]: Received Slave message: 01.14.03.A0.00.24.0A.23.FF.FF.25.72.FF.FF.FF.FF.FF.FF.00.06.73 (21)
[15:51:02][I][sicom:095]: Received Master message: 02.04.0A.5B.31 (5)
[15:51:02][I][sicom:095]: Received Slave message: 02.17.0E.A0.FF.FF.FF.FC.04.E8.3C.9D.00.08.65.00.0C.9D.28.90.28.90.E3.BF (24)
[15:51:02][I][sicom:095]: Received Master message: 03.04.0A.9B.69 (5)
[15:51:02][I][sicom:095]: Received Slave message: 03.19.10.A0.00.00.00.02.00.13.52.4C.00.00.00.00.33.FD.FF.FF.FF.FF.FF.FF.BE.E6 (26)
[15:51:02][I][sicom:095]: Received Master message: 01.05.0A.00.3F.02 (6)
[15:51:02][I][sicom:095]: Received Slave message: 01.14.03.A0.00.24.0A.21.00.00.25.72.FF.FF.FF.FF.FF.FF.00.63.27 (21)
[15:51:02][I][sicom:095]: Received Master message: 02.04.0A.5B.31 (5)
[15:51:02][I][sicom:095]: Received Slave message: 02.17.0E.A0.FF.FF.FF.FC.04.E8.3C.9D.00.08.65.00.0C.9D.28.90.28.90.E3.BF (24)
[15:51:02][I][sicom:095]: Received Master message: 03.04.0A.9B.69 (5)
[15:51:02][I][sicom:095]: Received Slave message: 03.19.10.A0.00.00.00.04.00.13.52.4C.00.00.00.00.33.FD.FF.FF.FF.FF.FF.FF.73.1E (26)
[15:51:02][I][sicom:095]: Received Master message: 01.05.0A.00.3F.02 (6)
[15:51:02][I][sicom:095]: Received Slave message: 01.14.03.A0.00.24.0A.23.00.00.25.72.FF.FF.FF.FF.FF.FF.00.99.46 (21)
[15:51:02][I][sicom:095]: Received Master message: 02.04.0A.5B.31 (5)
[15:51:02][I][sicom:095]: Received Slave message: 02.17.0E.A0.FF.FF.FF.FC.04.E8.3C.9D.00.08.66.00.0C.9D.28.90.28.90.5C.CF (24)
[15:51:02][I][sicom:095]: Received Master message: 03.04.0A.9B.69 (5)
[15:51:02][I][sicom:095]: Received Slave message: 03.19.10.A0.00.00.00.06.00.13.52.4C.00.00.00.00.33.FD.FF.FF.FF.FF.FF.FF.C7.31 (26)
[15:51:02][I][sicom:095]: Received Master message: 01.05.0A.00.3F.02 (6)
[15:51:02][I][sicom:095]: Received Slave message: 01.14.03.A0.00.24.0A.23.FF.FF.25.72.FF.FF.FF.FF.FF.FF.00.06.73 (21)
[15:51:02][I][sicom:095]: Received Master message: 02.04.0A.5B.31 (5)
[15:51:02][I][sicom:095]: Received Slave message: 02.17.0E.A0.FF.FF.FF.FB.04.E8.3C.9D.00.08.65.00.0C.9D.28.90.28.90.C5.F8 (24)
[15:51:02][I][sicom:095]: Received Master message: 03.04.0A.9B.69 (5)
[15:51:02][I][sicom:095]: Received Slave message: 03.19.10.A0.00.00.00.09.00.13.52.4C.00.00.00.00.33.FF.FF.FF.FF.FF.FF.FF.71.13 (26)
[15:51:02][I][sicom:095]: Received Master message: FA.04.31.CF.FF (5)
[15:51:02][I][sicom:095]: Received Master message: FA.04.31.CF.FF (5)
[15:51:02][I][sicom:095]: Received Master message: 01.05.0A.00.3F.02 (6)
[15:51:02][I][sicom:095]: Received Slave message: 01.14.03.A0.00.24.0A.23.FF.FF.25.72.FF.FF.FF.FF.FF.FF.00.06.73 (21)
[15:51:02][I][sicom:095]: Received Master message: 02.04.0A.5B.31 (5)
[15:51:02][I][sicom:095]: Received Slave message: 02.17.0E.A0.FF.FF.FF.FB.04.E8.3C.9D.00.08.65.00.0C.9B.28.90.28.90.C0.C8 (24)
[15:51:02][I][sicom:095]: Received Master message: 03.04.0A.9B.69 (5)
[15:51:02][I][sicom:095]: Received Slave message: 03.19.10.A0.00.00.00.0B.00.13.52.4C.00.00.00.00.33.FF.FF.FF.FF.FF.FF.FF.C5.3C (26)
[15:51:02][I][sicom:095]: Received Master message: 01.05.0A.00.3F.02 (6)
[15:51:02][I][sicom:095]: Received Slave message: 01.14.03.A0.00.24.0A.22.00.00.25.72.FF.FF.FF.FF.FF.FF.00.6C.B2 (21)
[15:51:02][I][sicom:095]: Received Master message: 02.04.0A.5B.31 (5)
[15:51:02][I][sicom:095]: Received Slave message: 02.17.0E.A0.FF.FF.FF.FC.04.E8.3C.9D.00.08.65.00.0C.9B.28.90.28.90.E6.8F (24)
[15:51:02][I][sicom:095]: Received Master message: 03.04.0A.9B.69 (5)
[15:51:02][I][sicom:095]: Received Slave message: 03.19.10.A0.00.00.00.0D.00.13.52.4C.00.00.00.00.34.06.FF.FF.FF.FF.FF.FF.07.53 (26)
[15:51:02][I][sicom:095]: Received Master message: 01.05.0A.00.3F.02 (6)
[15:51:02][I][sicom:095]: Received Slave message: 01.14.03.A0.00.24.0A.20.00.00.25.72.FF.FF.FF.FF.FF.FF.00.96.D3 (21)
[15:51:02][I][sicom:095]: Received Master message: 02.04.0A.5B.31 (5)
[15:51:02][I][sicom:095]: Received Slave message: 02.17.0E.A0.FF.FF.FF.FC.04.E8.3C.9D.00.08.65.00.0C.9C.28.90.28.90.12.B0 (24)
[15:51:02][I][sicom:095]: Received Master message: 03.04.0A.9B.69 (5)
[15:51:02][I][sicom:095]: Received Slave message: 03.19.10.A0.00.00.00.0E.00.13.52.4C.00.00.00.00.34.06.FF.FF.FF.FF.FF.FF.61.AF (26)
[15:51:03][I][sicom:095]: Received Master message: 01.05.0A.00.3F.02 (6)
[15:51:03][I][sicom:095]: Received Slave message: 01.14.03.A0.00.24.0A.1F.FF.FF.25.72.FF.FF.FF.FF.FF.FF.00.C1.77 (21)
[15:51:03][I][sicom:095]: Received Master message: 02.04.0A.5B.31 (5)
[15:51:03][I][sicom:095]: Received Slave message: 02.17.0E.A0.FF.FF.FF.FC.04.E8.3C.9D.00.08.65.00.0C.9B.28.90.28.90.E6.8F (24)
[15:51:03][I][sicom:095]: Received Master message: 03.04.0A.9B.69 (5)
[15:51:03][I][sicom:095]: Received Slave message: 03.19.10.A0.00.00.00.0F.00.13.52.4C.00.00.00.00.34.06.FF.FF.FF.FF.FF.FF.B3.7C (26)
[15:51:03][I][sicom:095]: Received Master message: 01.05.0A.00.3F.02 (6)
[15:51:03][I][sicom:095]: Received Slave message: 01.14.03.A0.00.24.0A.1F.FF.FF.25.72.FF.FF.FF.FF.FF.FF.00.C1.77 (21)
[15:51:03][I][sicom:095]: Received Master message: 02.04.0A.5B.31 (5)
[15:51:03][I][sicom:095]: Received Slave message: 02.17.0E.A0.FF.FF.FF.FC.04.E8.3C.9D.00.08.65.00.0C.9B.28.90.28.90.E6.8F (24)
[15:51:03][I][sicom:095]: Received Master message: 03.04.0A.9B.69 (5)
[15:51:03][I][sicom:095]: Received Slave message: 03.19.10.A0.00.00.00.11.00.13.52.4C.00.00.00.00.34.03.FF.FF.FF.FF.FF.FF.6B.26 (26)
[15:51:03][I][sicom:095]: Received Master message: 01.05.0A.00.3F.02 (6)
[15:51:03][I][sicom:095]: Received Slave message: 01.14.03.A0.00.24.0A.23.FF.FF.25.72.FF.FF.FF.FF.FF.FF.00.06.73 (21)
[15:51:03][I][sicom:095]: Received Master message: 02.04.0A.5B.31 (5)
[15:51:03][I][sicom:095]: Received Slave message: 02.17.0E.A0.FF.FF.FF.FC.04.E8.3C.9D.00.08.68.00.0C.9D.28.90.28.90.A7.3A (24)
[15:51:03][I][sicom:095]: Received Master message: 03.04.0A.9B.69 (5)
[15:51:03][I][sicom:095]: Received Slave message: 03.19.10.A0.00.00.00.12.00.13.52.4C.00.00.00.00.34.03.FF.FF.FF.FF.FF.FF.0D.DA (26)
[15:51:03][I][sicom:095]: Received Master message: 01.05.0A.00.3F.02 (6)
[15:51:03][I][sicom:095]: Received Slave message: 01.14.03.A0.00.27.0A.28.FF.FF.25.72.FF.FF.FF.FF.FF.FF.00.C8.4A (21)
[15:51:03][I][sicom:095]: Received Master message: 02.04.0A.5B.31 (5)
[15:51:03][I][sicom:095]: Received Slave message: 02.17.0E.A0.FF.FF.FF.FC.04.E8.3C.9D.00.08.6A.00.0C.9D.28.90.28.90.82.1D (24)
[15:51:03][I][sicom:095]: Received Master message: 03.04.0A.9B.69 (5)
[15:51:03][I][sicom:095]: Received Slave message: 03.19.10.A0.00.00.00.15.00.13.52.4C.00.00.00.00.34.04.FF.FF.FF.FF.FF.FF.58.8F (26)
[15:51:03][I][sicom:095]: Received Master message: 01.05.0A.00.3F.02 (6)
[15:51:03][I][sicom:095]: Received Slave message: 01.14.03.A0.00.26.0A.2C.00.00.25.72.FF.FF.FF.FF.FF.FF.00.BB.A5 (21)
[15:51:03][I][sicom:095]: Received Master message: 02.04.0A.5B.31 (5)
[15:51:03][I][sicom:095]: Received Slave message: 02.17.0E.A0.FF.FF.FF.FC.04.E8.3C.9D.00.08.6A.00.0C.9D.28.90.28.90.82.1D (24)
[15:51:03][I][sicom:095]: Received Master message: 03.04.0A.9B.69 (5)
[15:51:03][I][sicom:095]: Received Slave message: 03.19.10.A0.00.00.00.1A.00.13.52.4C.00.00.00.00.34.04.FF.FF.FF.FF.FF.FF.B4.0A (26)
[15:51:03][I][sicom:095]: Received Master message: 01.05.0A.00.3F.02 (6)
[15:51:03][I][sicom:095]: Received Slave message: 01.14.03.A0.00.24.0A.28.00.00.25.72.FF.FF.FF.FF.FF.FF.00.4D.CC (21)
[15:51:03][I][sicom:095]: Received Master message: 02.0A.5B.31.02.17.0E.A0.FF.FF.FF (11)
[15:51:03][W][sicom:097]: CRC error, 4B6D != 0000
[15:51:03][I][sicom:095]: Received Slave message: FC.04.E8.3C.9D (5)
[15:51:03][W][sicom:097]: CRC error, 0082 != 0000
[15:51:03][I][sicom:095]: Received Slave message: 00.08.6A.00.0C.9D.28.90.28 (9)
[15:51:03][W][sicom:097]: CRC error, E17D != 0000
[15:51:03][I][sicom:095]: Received Master message: 03.04.0A.9B.69 (5)
[15:51:03][I][sicom:095]: Received Slave message: 03.19.10.A0.00.00.00.1D.00.13.52.4C.00.00.00.00.34.04.FF.FF.FF.FF.FF.FF.AB.21 (26)
[15:51:03][I][sicom:095]: Received Master message: 01.05.0A.00.3F.02 (6)
[15:51:03][I][sicom:095]: Received Slave message: 01.14.03.A0.00.24.0A.23.FF.FF.25.72.FF.FF.FF.FF.FF.FF.00.06.73 (21)
[15:51:03][I][sicom:095]: Received Master message: 02.04.0A.5B.31 (5)
[15:51:03][I][sicom:095]: Received Slave message: 02.17.0E.A0.FF.FF.FF.FC.04.E8.3C.9D.00.08.6A.00.0C.9C.28.90.28.90.73.12 (24)
[15:51:03][I][sicom:095]: Received Master message: 03.04.0A.9B.69 (5)
[15:51:03][I][sicom:095]: Received Slave message: 03.19.10.A0.00.00.00.1F.00.13.52.4C.00.00.00.00.34.07.FF.FF.FF.FF.FF.FF.E0.3E (26)
[15:51:03][I][sicom:095]: Received Master message: FA.04.31.CF.FF (5)
[15:51:03][I][sicom:095]: Received Master message: FA.04.31.CF.FF (5)
[15:51:03][I][sicom:095]: Received Master message: 01.05.0A.00.3F.02 (6)
[15:51:03][I][sicom:095]: Received Slave message: 01.14.03.A0.00.24.0A.1D.00.00.25.72.FF.FF.FF.FF.FF.FF.00.A4.23 (21)
[15:51:03][I][sicom:095]: Received Master message: 02.04.0A.5B.31 (5)
[15:51:03][I][sicom:095]: Received Slave message: 02.17.0E.A0.FF.FF.FF.FC.04.E8.3C.9D.00.08.6A.00.0C.9D.28.90.28.90.82.1D (24)
[15:51:03][I][sicom:095]: Received Master message: 03.04.0A.9B.69 (5)
[15:51:03][I][sicom:095]: Received Slave message: 03.19.10.A0.00.00.00.20.00.13.52.4C.00.00.00.00.34.07.FF.FF.FF.FF.FF.FF.06.4D (26)
[15:51:03][I][sicom:095]: Received Master message: 01.05.0A.00.3F.02 (6)
[15:51:03][I][sicom:095]: Received Slave message: 01.14.03.A0.00.24.0A.19.00.00.25.72.FF.FF.FF.FF.FF.FF.00.41.68 (21)
[15:51:03][I][sicom:095]: Received Master message: 02.04.0A.5B.31 (5)
[15:51:03][I][sicom:095]: Received Slave message: 02.17.0E.A0.FF.FF.FF.FC.04.E8.3C.9D.00.08.6A.00.0C.9D.28.90.28.90.82.1D (24)
[15:51:03][I][sicom:095]: Received Master message: 03.04.0A.9B.69 (5)
[15:51:03][I][sicom:095]: Received Slave message: 03.19.10.A0.00.00.00.20.00.13.52.4C.00.00.00.00.34.04.FF.FF.FF.FF.FF.FF.F9.7D (26)
[15:51:03][I][sicom:095]: Received Master message: 01.05.0A.00.3F.02 (6)
[15:51:03][I][sicom:095]: Received Slave message: 01.14.03.A0.00.26.0A.1D.FF.FF.25.72.FF.FF.FF.FF.FF.FF.00.28.34 (21)
[15:51:03][I][sicom:095]: Received Master message: 02.04.0A.5B.31 (5)
[15:51:03][I][sicom:095]: Received Slave message: 02.17.0E.A0.FF.FF.FF.FC.04.E8.3C.9D.00.08.68.00.0C.9C.28.90.28.90.56.35 (24)
[15:51:03][I][sicom:095]: Received Master message: 03.04.0A.9B.69 (5)
[15:51:03][I][sicom:095]: Received Slave message: 03.19.10.A0.00.00.00.20.00.13.52.4C.00.00.00.00.34.04.FF.FF.FF.FF.FF.FF.F9.7D (26)
[15:51:04][I][sicom:095]: Received Master message: 01.05.0A.00.3F.02 (6)
[15:51:04][I][sicom:095]: Received Slave message: 01.14.03.A0.00.29.0A.22.FF.FF.25.72.FF.FF.FF.FF.FF.FF.00.90.DA (21)
[15:51:04][I][sicom:095]: Received Master message: 02.04.0A.5B.31 (5)
[15:51:04][I][sicom:095]: Received Slave message: 02.17.0E.A0.FF.FF.FF.FC.04.E8.3C.9D.00.08.68.00.0C.9C.28.90.28.90.56.35 (24)
[15:51:04][I][sicom:095]: Received Master message: 03.04.0A.9B.69 (5)
[15:51:04][I][sicom:095]: Received Slave message: 03.19.10.A0.00.00.00.1F.00.13.52.4D.00.00.00.00.34.04.FF.FF.FF.FF.FF.FF.CB.24 (26)
[15:51:04][I][sicom:095]: Received Master message: 01.05.0A.00.3F.02 (6)
[15:51:04][I][sicom:095]: Received Slave message: 01.14.03.A0.00.29.0A.24.FF.FF.25.72.FF.FF.FF.FF.FF.FF.00.8F.F0 (21)
[15:51:04][I][sicom:095]: Received Master message: 02.04.0A.5B.31 (5)
[15:51:04][I][sicom:095]: Received Slave message: 02.17.0E.A0.FF.FF.FF.FC.04.E8.3C.9D.00.08.67.00.0C.9B.28.90.28.90.C3.A8 (24)
[15:51:04][I][sicom:095]: Received Master message: 03.04.0A.9B.69 (5)
[15:51:04][I][sicom:095]: Received Slave message: 03.19.10.A0.00.00.00.1D.00.13.52.4D.00.00.00.00.34.0C.FF.FF.FF.FF.FF.FF.04.1E (26)
[15:51:04][I][sicom:095]: Received Master message: 01.05.0A.00.3F.02 (6)
[15:51:04][I][sicom:095]: Received Slave message: 01.14.03.A0.00.28.0A.26.FF.FF.25.72.FF.FF.FF.FF.FF.FF.00.7C.00 (21)
[15:51:04][I][sicom:095]: Received Master message: 02.04.0A.5B.31 (5)
[15:51:04][I][sicom:095]: Received Slave message: 02.17.0E.A0.FF.FF.FF.FC.04.E8.3C.9D.00.08.66.00.0C.9B.28.90.28.90.59.FF (24)
[15:51:04][I][sicom:095]: Received Master message: 03.04.0A.9B.69 (5)
[15:51:04][I][sicom:095]: Received Slave message: 03.19.10.A0.00.00.00.1F.00.13.52.4D.00.00.00.00.34.0C.FF.FF.FF.FF.FF.FF.B0.31 (26)
[15:51:04][I][sicom:095]: Received Master message: 01.05.0A.00.3F.02 (6)
[15:51:04][I][sicom:095]: Received Slave message: 01.14.03.A0.00.26.0A.26.FF.FF.25.72.FF.FF.FF.FF.FF.FF.00.05.EE (21)
[15:51:04][I][sicom:095]: Received Master message: 02.04.0A.5B.31 (5)
[15:51:04][I][sicom:095]: Received Slave message: 02.17.0E.A0.FF.FF.FF.FC.04.E8.3C.9D.00.08.66.00.0C.9A.28.90.28.90.A8.F0 (24)
[15:51:04][I][sicom:095]: Received Master message: 03.04.0A.9B.69 (5)
[15:51:04][I][sicom:095]: Received Slave message: 03.19.10.A0.00.00.00.20.00.13.52.4D.00.00.00.00.34.0F.FF.FF.FF.FF.FF.FF.A9.72 (26)
[15:51:04][I][sicom:095]: Received Master message: 01.05.0A.00.3F.02 (6)
[15:51:04][I][sicom:095]: Received Slave message: 01.14.03.A0.00.24.0A.24.FF.FF.25.72.FF.FF.FF.FF.FF.FF.00.EC.AD (21)
[15:51:04][I][sicom:095]: Received Master message: 02.0A.5B.31.02.17.0E.A0.FF.FF.FF (11)
[15:51:04][W][sicom:097]: CRC error, 4B6D != 0000
[15:51:04][I][sicom:095]: Received Slave message: FC.04.E8.3C.9D (5)
[15:51:04][W][sicom:097]: CRC error, 0082 != 0000
[15:51:04][I][sicom:095]: Received Slave message: 00.08.67.00.0C.9B.28.90.28 (9)
[15:51:04][W][sicom:097]: CRC error, 3159 != 0000
[15:51:04][I][sicom:095]: Received Master message: 03.04.0A.9B.69 (5)
[15:51:04][I][sicom:095]: Received Slave message: 03.19.10.A0.00.00.00.21.00.13.52.4D.00.00.00.00.34.0F.FF.FF.FF.FF.FF.FF.7B.A1 (26)
[15:51:04][I][sicom:095]: Received Master message: 01.05.0A.00.3F.02 (6)
[15:51:04][I][sicom:095]: Received Slave message: 01.14.03.A0.00.24.0A.23.FF.FF.25.72.FF.FF.FF.FF.FF.FF.00.06.73 (21)
[15:51:04][I][sicom:095]: Received Master message: 02.04.0A.5B.31 (5)
[15:51:04][I][sicom:095]: Received Slave message: 02.17.0E.A0.FF.FF.FF.FC.04.E8.3C.9D.00.08.67.00.0C.9B.28.90.28.90.C3.A8 (24)
[15:51:04][I][sicom:095]: Received Master message: 03.04.0A.9B.69 (5)
[15:51:04][I][sicom:095]: Received Slave message: 03.19.10.A0.00.00.00.23.00.13.52.4D.00.00.00.00.34.0F.FF.FF.FF.FF.FF.FF.CF.8E (26)
[15:51:04][I][sicom:095]: Received Master message: 01.05.0A.00.3F.02 (6)
[15:51:04][I][sicom:095]: Received Slave message: 01.14.03.A0.00.24.0A.24.FF.FF.25.72.FF.FF.FF.FF.FF.FF.00.EC.AD (21)
[15:51:04][I][sicom:095]: Received Master message: 02.04.0A.5B.31 (5)
[15:51:04][I][sicom:095]: Received Slave message: 02.17.0E.A0.FF.FF.FF.FC.04.E8.3C.9D.00.08.68.00.0C.9C.28.90.28.90.56.35 (24)
[15:51:04][I][sicom:095]: Received Master message: 03.04.0A.9B.69 (5)
[15:51:04][I][sicom:095]: Received Slave message: 03.19.10.A0.00.00.00.47.00.13.52.4D.00.00.00.00.34.0F.FF.FF.FF.FF.FF.FF.A3.B5 (26)
[15:51:04][I][sicom:095]: Received Master message: FA.04.31.CF.FF (5)
[15:51:04][I][sicom:095]: Received Master message: FA.04.31.CF.FF (5)
[15:51:04][I][sicom:095]: Received Master message: 01.05.0A.00.3F.02 (6)
[15:51:04][I][sicom:095]: Received Slave message: 01.14.03.A0.00.24.0A.27.00.00.25.72.FF.FF.FF.FF.FF.FF.00.7C.0D (21)
[15:51:04][I][sicom:095]: Received Master message: 02.04.0A.5B.31 (5)
[15:51:04][I][sicom:095]: Received Slave message: 02.17.0E.A0.FF.FF.FF.FC.04.E8.3C.9D.00.08.69.00.0C.9C.28.90.28.90.CC.62 (24)
[15:51:04][I][sicom:095]: Received Master message: 03.04.0A.9B.69 (5)
[15:51:04][I][sicom:095]: Received Slave message: 03.19.10.A0.00.00.00.73.00.13.52.4D.00.00.00.00.34.0F.FF.FF.FF.FF.FF.FF.D0.94 (26)
[15:51:04][I][sicom:095]: Received Master message: 01.05.0A.00.3F.02 (6)
[15:51:04][I][sicom:095]: Received Slave message: 01.14.03.A0.00.24.0A.27.FF.FF.25.72.FF.FF.FF.FF.FF.FF.00.E3.38 (21)
[15:51:04][I][sicom:095]: Received Master message: 02.04.0A.5B.31 (5)
[15:51:04][I][sicom:095]: Received Slave message: 02.17.0E.A0.FF.FF.FF.FC.04.E8.3C.9D.00.08.69.00.0C.9C.28.90.28.90.CC.62 (24)
[15:51:04][I][sicom:095]: Received Master message: 03.04.0A.9B.69 (5)
[15:51:04][I][sicom:095]: Received Slave message: 03.19.10.A0.00.00.00.7B.00.13.52.4D.00.00.00.00.34.0F.FF.FF.FF.FF.FF.FF.23.3A (26)
[15:51:04][I][sicom:095]: Received Master message: 01.05.0A.00.3F.02 (6)
[15:51:04][I][sicom:095]: Received Slave message: 01.14.03.A0.00.26.0A.24.FF.FF.25.72.FF.FF.FF.FF.FF.FF.00.FF.8F (21)
[15:51:04][I][sicom:095]: Received Master message: 02.04.0A.5B.31 (5)
[15:51:04][I][sicom:095]: Received Slave message: 02.17.0E.A0.FF.FF.FF.FC.04.E8.3C.9D.00.08.68.00.0C.9C.28.90.28.90.56.35 (24)
[15:51:04][I][sicom:095]: Received Master message: 03.04.0A.9B.69 (5)
[15:51:04][I][sicom:095]: Received Slave message: 03.19.10.A0.00.00.00.81.00.13.52.4D.00.00.00.00.34.0F.FF.FF.FF.FF.FF.FF.45.95 (26)
[15:51:05][I][sicom:095]: Received Master message: 01.05.0A.00.3F.02 (6)
[15:51:05][I][sicom:095]: Received Slave message: 01.14.03.A0.00.25.0A.23.00.00.25.72.FF.FF.FF.FF.FF.FF.00.90.D7 (21)
[15:51:05][I][sicom:095]: Received Master message: 02.04.0A.5B.31 (5)
[15:51:05][I][sicom:095]: Received Slave message: 02.17.0E.A0.FF.FF.FF.FC.04.E8.3C.9D.00.08.68.00.0C.9D.28.90.28.90.A7.3A (24)
[15:51:05][I][sicom:095]: Received Master message: 03.04.0A.9B.69 (5)
[15:51:05][I][sicom:095]: Received Slave message: 03.19.10.A0.00.00.00.84.00.13.52.4D.00.00.00.00.34.0F.FF.FF.FF.FF.FF.FF.EE.91 (26)
[15:51:05][I][sicom:095]: Received Master message: 01.05.0A.00.3F.02 (6)
[15:51:05][I][sicom:095]: Received Slave message: 01.14.03.A0.00.24.0A.21.00.00.25.72.FF.FF.FF.FF.FF.FF.00.63.27 (21)
[15:51:05][I][sicom:095]: Received Master message: 02.04.0A.5B.31 (5)
[15:51:05][I][sicom:095]: Received Slave message: 02.17.0E.A0.FF.FF.FF.FC.04.E8.3C.9D.00.08.68.00.0C.9D.28.90.28.90.A7.3A (24)
[15:51:05][I][sicom:095]: Received Master message: 03.04.0A.9B.69 (5)
[15:51:05][I][sicom:095]: Received Slave message: 03.19.10.A0.00.00.00.86.00.13.52.4D.00.00.00.00.34.0A.FF.FF.FF.FF.FF.FF.4A.67 (26)
[15:51:05][I][sicom:095]: Received Master message: 01.05.0A.00.3F.02 (6)
[15:51:05][I][sicom:095]: Received Slave message: 01.14.03.A0.00.23.0A.21.FF.FF.25.72.FF.FF.FF.FF.FF.FF.00.C0.E5 (21)
[15:51:05][I][sicom:095]: Received Master message: 02.0A.5B.31.02.17.0E.A0.FF.FF.FF (11)
[15:51:05][W][sicom:097]: CRC error, 4B6D != 0000
[15:51:05][I][sicom:095]: Received Slave message: FC.04.E8.3C.9D (5)
[15:51:05][W][sicom:097]: CRC error, 0082 != 0000
[15:51:05][I][sicom:095]: Received Slave message: 00.08.68.00.0C.9C.28.90.28 (9)
[15:51:05][W][sicom:097]: CRC error, 8F76 != 0000
[15:51:05][I][sicom:095]: Received Master message: 03.04.0A.9B.69 (5)
[15:51:05][I][sicom:095]: Received Slave message: 03.19.10.A0.00.00.00.8B.00.13.52.4D.00.00.00.00.34.0A.FF.FF.FF.FF.FF.FF.12.CD (26)
[15:51:05][I][sicom:095]: Received Master message: 01.05.0A.00.3F.02 (6)
[15:51:05][I][sicom:095]: Received Slave message: 01.14.03.A0.00.24.0A.22.FF.FF.25.72.FF.FF.FF.FF.FF.FF.00.F3.87 (21)
[15:51:05][I][sicom:095]: Received Master message: 02.04.0A.5B.31 (5)
[15:51:05][I][sicom:095]: Received Slave message: 02.17.0E.A0.FF.FF.FF.FC.04.E8.3C.9D.00.08.6A.00.0C.9B.28.90.28.90.87.2D (24)
[15:51:05][I][sicom:095]: Received Master message: 03.04.0A.9B.69 (5)
[15:51:05][I][sicom:095]: Received Slave message: 03.19.10.A0.00.00.00.8F.00.13.52.4D.00.00.00.00.34.0C.FF.FF.FF.FF.FF.FF.84.F3 (26)
[15:51:05][I][sicom:095]: Received Master message: 01.05.0A.00.3F.02 (6)
[15:51:05][I][sicom:095]: Received Slave message: 01.14.03.A0.00.24.0A.25.FF.FF.25.72.FF.FF.FF.FF.FF.FF.00.19.59 (21)
[15:51:05][I][sicom:095]: Received Master message: 02.04.0A.5B.31 (5)
[15:51:05][I][sicom:095]: Received Slave message: 02.17.0E.A0.FF.FF.FF.FC.04.E8.3C.9D.00.08.6A.00.0C.9B.28.90.28.90.87.2D (24)
[15:51:05][I][sicom:095]: Received Master message: 03.04.0A.9B.69 (5)
[15:51:05][I][sicom:095]: Received Slave message: 03.19.10.A0.00.00.00.91.00.13.52.4D.00.00.00.00.34.0C.FF.FF.FF.FF.FF.FF.4C.70 (26)
[15:51:05][I][sicom:095]: Received Master message: 01.05.0A.00.3F.02 (6)
[15:51:05][I][sicom:095]: Received Slave message: 01.14.03.A0.00.24.0A.27.FF.FF.25.72.FF.FF.FF.FF.FF.FF.00.E3.38 (21)
[15:51:05][I][sicom:095]: Received Master message: 02.04.0A.5B.31 (5)
[15:51:05][I][sicom:095]: Received Slave message: 02.17.0E.A0.FF.FF.FF.FC.04.E8.3C.9D.00.08.69.00.0C.9B.28.90.28.90.38.5D (24)
[15:51:05][I][sicom:095]: Received Master message: 03.04.0A.9B.69 (5)
[15:51:05][I][sicom:095]: Received Slave message: 03.19.10.A0.00.00.00.92.00.13.52.4D.00.00.00.00.34.0C.FF.FF.FF.FF.FF.FF.2A.8C (26)
[15:51:05][I][sicom:095]: Received Master message: 01.05.0A.00.3F.02 (6)
[15:51:05][I][sicom:095]: Received Slave message: 01.14.03.A0.00.24.0A.27.FF.FF.25.72.FF.FF.FF.FF.FF.FF.00.E3.38 (21)
[15:51:05][I][sicom:095]: Received Master message: 02.04.0A.5B.31 (5)
[15:51:05][I][sicom:095]: Received Slave message: 02.17.0E.A0.FF.FF.FF.FC.04.E8.3C.9D.00.08.69.00.0C.9B.28.90.28.90.38.5D (24)
[15:51:05][I][sicom:095]: Received Master message: 03.04.0A.9B.69 (5)
[15:51:05][I][sicom:095]: Received Slave message: 03.19.10.A0.00.00.00.92.00.13.52.4D.00.00.00.00.34.0F.FF.FF.FF.FF.FF.FF.D5.BC (26)
[15:51:05][I][sicom:095]: Received Master message: FA.04.31.CF.FF (5)
[15:51:05][I][sicom:095]: Received Master message: FA.04.31.CF.FF (5)
